
*** Running vivado
    with args -log top_axi_timer_0_0.vds -m64 -product Vivado -mode batch -messageDb vivado.pb -notrace -source top_axi_timer_0_0.tcl


****** Vivado v2021.1 (64-bit)
  **** SW Build 3247384 on Thu Jun 10 19:36:07 MDT 2021
  **** IP Build 3246043 on Fri Jun 11 00:30:35 MDT 2021
    ** Copyright 1986-2021 Xilinx, Inc. All Rights Reserved.

source top_axi_timer_0_0.tcl -notrace
Command: synth_design -top top_axi_timer_0_0 -part xc7a100tcsg324-1 -mode out_of_context
Starting synth_design
Attempting to get a license for feature 'Synthesis' and/or device 'xc7a100t'
INFO: [Common 17-349] Got license for feature 'Synthesis' and/or device 'xc7a100t'
INFO: [Device 21-403] Loading part xc7a100tcsg324-1
INFO: [Synth 8-7079] Multithreading enabled for synth_design using a maximum of 4 processes.
INFO: [Synth 8-7078] Launching helper process for spawning children vivado processes
INFO: [Synth 8-7075] Helper process launched with PID 1655534
---------------------------------------------------------------------------------
Starting RTL Elaboration : Time (s): cpu = 00:00:02 ; elapsed = 00:00:02 . Memory (MB): peak = 2555.289 ; gain = 0.000 ; free physical = 28929 ; free virtual = 43725
---------------------------------------------------------------------------------
INFO: [Synth 8-638] synthesizing module 'top_axi_timer_0_0' [/home/eliquinox/code/fpga/microblaze-ethernet/microblaze-ethernet.gen/sources_1/bd/top/ip/top_axi_timer_0_0/synth/top_axi_timer_0_0.vhd:90]
	Parameter C_FAMILY bound to: artix7 - type: string 
	Parameter C_COUNT_WIDTH bound to: 32 - type: integer 
	Parameter C_ONE_TIMER_ONLY bound to: 0 - type: integer 
	Parameter C_TRIG0_ASSERT bound to: 1'b1 
	Parameter C_TRIG1_ASSERT bound to: 1'b1 
	Parameter C_GEN0_ASSERT bound to: 1'b1 
	Parameter C_GEN1_ASSERT bound to: 1'b1 
	Parameter C_S_AXI_DATA_WIDTH bound to: 32 - type: integer 
	Parameter C_S_AXI_ADDR_WIDTH bound to: 5 - type: integer 
INFO: [Synth 8-3491] module 'axi_timer' declared at '/home/eliquinox/code/fpga/microblaze-ethernet/microblaze-ethernet.gen/sources_1/bd/top/ipshared/ae8a/hdl/axi_timer_v2_0_vh_rfs.vhd:2088' bound to instance 'U0' of component 'axi_timer' [/home/eliquinox/code/fpga/microblaze-ethernet/microblaze-ethernet.gen/sources_1/bd/top/ip/top_axi_timer_0_0/synth/top_axi_timer_0_0.vhd:168]
INFO: [Synth 8-638] synthesizing module 'axi_timer' [/home/eliquinox/code/fpga/microblaze-ethernet/microblaze-ethernet.gen/sources_1/bd/top/ipshared/ae8a/hdl/axi_timer_v2_0_vh_rfs.vhd:2143]
INFO: [Synth 8-638] synthesizing module 'tc_core' [/home/eliquinox/code/fpga/microblaze-ethernet/microblaze-ethernet.gen/sources_1/bd/top/ipshared/ae8a/hdl/axi_timer_v2_0_vh_rfs.vhd:1704]
INFO: [Synth 8-638] synthesizing module 'mux_onehot_f' [/home/eliquinox/code/fpga/microblaze-ethernet/microblaze-ethernet.gen/sources_1/bd/top/ipshared/ae8a/hdl/axi_timer_v2_0_vh_rfs.vhd:365]
INFO: [Synth 8-3491] module 'MUXCY' declared at '/home/eliquinox/Xilinx-2021/Vivado/2021.1/scripts/rt/data/unisim_comp.v:62916' bound to instance 'MUXCY_I' of component 'MUXCY' [/home/eliquinox/code/fpga/microblaze-ethernet/microblaze-ethernet.gen/sources_1/bd/top/ipshared/ae8a/hdl/axi_timer_v2_0_vh_rfs.vhd:462]
INFO: [Synth 8-6157] synthesizing module 'MUXCY' [/home/eliquinox/Xilinx-2021/Vivado/2021.1/scripts/rt/data/unisim_comp.v:62916]
INFO: [Synth 8-6155] done synthesizing module 'MUXCY' (1#1) [/home/eliquinox/Xilinx-2021/Vivado/2021.1/scripts/rt/data/unisim_comp.v:62916]
INFO: [Synth 8-3491] module 'MUXCY' declared at '/home/eliquinox/Xilinx-2021/Vivado/2021.1/scripts/rt/data/unisim_comp.v:62916' bound to instance 'MUXCY_I' of component 'MUXCY' [/home/eliquinox/code/fpga/microblaze-ethernet/microblaze-ethernet.gen/sources_1/bd/top/ipshared/ae8a/hdl/axi_timer_v2_0_vh_rfs.vhd:462]
INFO: [Synth 8-3491] module 'MUXCY' declared at '/home/eliquinox/Xilinx-2021/Vivado/2021.1/scripts/rt/data/unisim_comp.v:62916' bound to instance 'MUXCY_I' of component 'MUXCY' [/home/eliquinox/code/fpga/microblaze-ethernet/microblaze-ethernet.gen/sources_1/bd/top/ipshared/ae8a/hdl/axi_timer_v2_0_vh_rfs.vhd:462]
INFO: [Synth 8-3491] module 'MUXCY' declared at '/home/eliquinox/Xilinx-2021/Vivado/2021.1/scripts/rt/data/unisim_comp.v:62916' bound to instance 'MUXCY_I' of component 'MUXCY' [/home/eliquinox/code/fpga/microblaze-ethernet/microblaze-ethernet.gen/sources_1/bd/top/ipshared/ae8a/hdl/axi_timer_v2_0_vh_rfs.vhd:462]
INFO: [Synth 8-3491] module 'MUXCY' declared at '/home/eliquinox/Xilinx-2021/Vivado/2021.1/scripts/rt/data/unisim_comp.v:62916' bound to instance 'MUXCY_I' of component 'MUXCY' [/home/eliquinox/code/fpga/microblaze-ethernet/microblaze-ethernet.gen/sources_1/bd/top/ipshared/ae8a/hdl/axi_timer_v2_0_vh_rfs.vhd:462]
INFO: [Synth 8-3491] module 'MUXCY' declared at '/home/eliquinox/Xilinx-2021/Vivado/2021.1/scripts/rt/data/unisim_comp.v:62916' bound to instance 'MUXCY_I' of component 'MUXCY' [/home/eliquinox/code/fpga/microblaze-ethernet/microblaze-ethernet.gen/sources_1/bd/top/ipshared/ae8a/hdl/axi_timer_v2_0_vh_rfs.vhd:462]
INFO: [Synth 8-3491] module 'MUXCY' declared at '/home/eliquinox/Xilinx-2021/Vivado/2021.1/scripts/rt/data/unisim_comp.v:62916' bound to instance 'MUXCY_I' of component 'MUXCY' [/home/eliquinox/code/fpga/microblaze-ethernet/microblaze-ethernet.gen/sources_1/bd/top/ipshared/ae8a/hdl/axi_timer_v2_0_vh_rfs.vhd:462]
INFO: [Synth 8-3491] module 'MUXCY' declared at '/home/eliquinox/Xilinx-2021/Vivado/2021.1/scripts/rt/data/unisim_comp.v:62916' bound to instance 'MUXCY_I' of component 'MUXCY' [/home/eliquinox/code/fpga/microblaze-ethernet/microblaze-ethernet.gen/sources_1/bd/top/ipshared/ae8a/hdl/axi_timer_v2_0_vh_rfs.vhd:462]
INFO: [Synth 8-3491] module 'MUXCY' declared at '/home/eliquinox/Xilinx-2021/Vivado/2021.1/scripts/rt/data/unisim_comp.v:62916' bound to instance 'MUXCY_I' of component 'MUXCY' [/home/eliquinox/code/fpga/microblaze-ethernet/microblaze-ethernet.gen/sources_1/bd/top/ipshared/ae8a/hdl/axi_timer_v2_0_vh_rfs.vhd:462]
INFO: [Synth 8-3491] module 'MUXCY' declared at '/home/eliquinox/Xilinx-2021/Vivado/2021.1/scripts/rt/data/unisim_comp.v:62916' bound to instance 'MUXCY_I' of component 'MUXCY' [/home/eliquinox/code/fpga/microblaze-ethernet/microblaze-ethernet.gen/sources_1/bd/top/ipshared/ae8a/hdl/axi_timer_v2_0_vh_rfs.vhd:462]
INFO: [Synth 8-3491] module 'MUXCY' declared at '/home/eliquinox/Xilinx-2021/Vivado/2021.1/scripts/rt/data/unisim_comp.v:62916' bound to instance 'MUXCY_I' of component 'MUXCY' [/home/eliquinox/code/fpga/microblaze-ethernet/microblaze-ethernet.gen/sources_1/bd/top/ipshared/ae8a/hdl/axi_timer_v2_0_vh_rfs.vhd:462]
INFO: [Synth 8-3491] module 'MUXCY' declared at '/home/eliquinox/Xilinx-2021/Vivado/2021.1/scripts/rt/data/unisim_comp.v:62916' bound to instance 'MUXCY_I' of component 'MUXCY' [/home/eliquinox/code/fpga/microblaze-ethernet/microblaze-ethernet.gen/sources_1/bd/top/ipshared/ae8a/hdl/axi_timer_v2_0_vh_rfs.vhd:462]
INFO: [Synth 8-3491] module 'MUXCY' declared at '/home/eliquinox/Xilinx-2021/Vivado/2021.1/scripts/rt/data/unisim_comp.v:62916' bound to instance 'MUXCY_I' of component 'MUXCY' [/home/eliquinox/code/fpga/microblaze-ethernet/microblaze-ethernet.gen/sources_1/bd/top/ipshared/ae8a/hdl/axi_timer_v2_0_vh_rfs.vhd:462]
INFO: [Synth 8-3491] module 'MUXCY' declared at '/home/eliquinox/Xilinx-2021/Vivado/2021.1/scripts/rt/data/unisim_comp.v:62916' bound to instance 'MUXCY_I' of component 'MUXCY' [/home/eliquinox/code/fpga/microblaze-ethernet/microblaze-ethernet.gen/sources_1/bd/top/ipshared/ae8a/hdl/axi_timer_v2_0_vh_rfs.vhd:462]
INFO: [Synth 8-3491] module 'MUXCY' declared at '/home/eliquinox/Xilinx-2021/Vivado/2021.1/scripts/rt/data/unisim_comp.v:62916' bound to instance 'MUXCY_I' of component 'MUXCY' [/home/eliquinox/code/fpga/microblaze-ethernet/microblaze-ethernet.gen/sources_1/bd/top/ipshared/ae8a/hdl/axi_timer_v2_0_vh_rfs.vhd:462]
INFO: [Synth 8-3491] module 'MUXCY' declared at '/home/eliquinox/Xilinx-2021/Vivado/2021.1/scripts/rt/data/unisim_comp.v:62916' bound to instance 'MUXCY_I' of component 'MUXCY' [/home/eliquinox/code/fpga/microblaze-ethernet/microblaze-ethernet.gen/sources_1/bd/top/ipshared/ae8a/hdl/axi_timer_v2_0_vh_rfs.vhd:462]
INFO: [Synth 8-3491] module 'MUXCY' declared at '/home/eliquinox/Xilinx-2021/Vivado/2021.1/scripts/rt/data/unisim_comp.v:62916' bound to instance 'MUXCY_I' of component 'MUXCY' [/home/eliquinox/code/fpga/microblaze-ethernet/microblaze-ethernet.gen/sources_1/bd/top/ipshared/ae8a/hdl/axi_timer_v2_0_vh_rfs.vhd:462]
INFO: [Synth 8-3491] module 'MUXCY' declared at '/home/eliquinox/Xilinx-2021/Vivado/2021.1/scripts/rt/data/unisim_comp.v:62916' bound to instance 'MUXCY_I' of component 'MUXCY' [/home/eliquinox/code/fpga/microblaze-ethernet/microblaze-ethernet.gen/sources_1/bd/top/ipshared/ae8a/hdl/axi_timer_v2_0_vh_rfs.vhd:462]
INFO: [Synth 8-3491] module 'MUXCY' declared at '/home/eliquinox/Xilinx-2021/Vivado/2021.1/scripts/rt/data/unisim_comp.v:62916' bound to instance 'MUXCY_I' of component 'MUXCY' [/home/eliquinox/code/fpga/microblaze-ethernet/microblaze-ethernet.gen/sources_1/bd/top/ipshared/ae8a/hdl/axi_timer_v2_0_vh_rfs.vhd:462]
INFO: [Synth 8-3491] module 'MUXCY' declared at '/home/eliquinox/Xilinx-2021/Vivado/2021.1/scripts/rt/data/unisim_comp.v:62916' bound to instance 'MUXCY_I' of component 'MUXCY' [/home/eliquinox/code/fpga/microblaze-ethernet/microblaze-ethernet.gen/sources_1/bd/top/ipshared/ae8a/hdl/axi_timer_v2_0_vh_rfs.vhd:462]
INFO: [Synth 8-3491] module 'MUXCY' declared at '/home/eliquinox/Xilinx-2021/Vivado/2021.1/scripts/rt/data/unisim_comp.v:62916' bound to instance 'MUXCY_I' of component 'MUXCY' [/home/eliquinox/code/fpga/microblaze-ethernet/microblaze-ethernet.gen/sources_1/bd/top/ipshared/ae8a/hdl/axi_timer_v2_0_vh_rfs.vhd:462]
INFO: [Synth 8-3491] module 'MUXCY' declared at '/home/eliquinox/Xilinx-2021/Vivado/2021.1/scripts/rt/data/unisim_comp.v:62916' bound to instance 'MUXCY_I' of component 'MUXCY' [/home/eliquinox/code/fpga/microblaze-ethernet/microblaze-ethernet.gen/sources_1/bd/top/ipshared/ae8a/hdl/axi_timer_v2_0_vh_rfs.vhd:462]
INFO: [Synth 8-3491] module 'MUXCY' declared at '/home/eliquinox/Xilinx-2021/Vivado/2021.1/scripts/rt/data/unisim_comp.v:62916' bound to instance 'MUXCY_I' of component 'MUXCY' [/home/eliquinox/code/fpga/microblaze-ethernet/microblaze-ethernet.gen/sources_1/bd/top/ipshared/ae8a/hdl/axi_timer_v2_0_vh_rfs.vhd:462]
INFO: [Synth 8-3491] module 'MUXCY' declared at '/home/eliquinox/Xilinx-2021/Vivado/2021.1/scripts/rt/data/unisim_comp.v:62916' bound to instance 'MUXCY_I' of component 'MUXCY' [/home/eliquinox/code/fpga/microblaze-ethernet/microblaze-ethernet.gen/sources_1/bd/top/ipshared/ae8a/hdl/axi_timer_v2_0_vh_rfs.vhd:462]
INFO: [Synth 8-3491] module 'MUXCY' declared at '/home/eliquinox/Xilinx-2021/Vivado/2021.1/scripts/rt/data/unisim_comp.v:62916' bound to instance 'MUXCY_I' of component 'MUXCY' [/home/eliquinox/code/fpga/microblaze-ethernet/microblaze-ethernet.gen/sources_1/bd/top/ipshared/ae8a/hdl/axi_timer_v2_0_vh_rfs.vhd:462]
INFO: [Synth 8-3491] module 'MUXCY' declared at '/home/eliquinox/Xilinx-2021/Vivado/2021.1/scripts/rt/data/unisim_comp.v:62916' bound to instance 'MUXCY_I' of component 'MUXCY' [/home/eliquinox/code/fpga/microblaze-ethernet/microblaze-ethernet.gen/sources_1/bd/top/ipshared/ae8a/hdl/axi_timer_v2_0_vh_rfs.vhd:462]
INFO: [Synth 8-3491] module 'MUXCY' declared at '/home/eliquinox/Xilinx-2021/Vivado/2021.1/scripts/rt/data/unisim_comp.v:62916' bound to instance 'MUXCY_I' of component 'MUXCY' [/home/eliquinox/code/fpga/microblaze-ethernet/microblaze-ethernet.gen/sources_1/bd/top/ipshared/ae8a/hdl/axi_timer_v2_0_vh_rfs.vhd:462]
INFO: [Synth 8-3491] module 'MUXCY' declared at '/home/eliquinox/Xilinx-2021/Vivado/2021.1/scripts/rt/data/unisim_comp.v:62916' bound to instance 'MUXCY_I' of component 'MUXCY' [/home/eliquinox/code/fpga/microblaze-ethernet/microblaze-ethernet.gen/sources_1/bd/top/ipshared/ae8a/hdl/axi_timer_v2_0_vh_rfs.vhd:462]
INFO: [Synth 8-3491] module 'MUXCY' declared at '/home/eliquinox/Xilinx-2021/Vivado/2021.1/scripts/rt/data/unisim_comp.v:62916' bound to instance 'MUXCY_I' of component 'MUXCY' [/home/eliquinox/code/fpga/microblaze-ethernet/microblaze-ethernet.gen/sources_1/bd/top/ipshared/ae8a/hdl/axi_timer_v2_0_vh_rfs.vhd:462]
INFO: [Synth 8-3491] module 'MUXCY' declared at '/home/eliquinox/Xilinx-2021/Vivado/2021.1/scripts/rt/data/unisim_comp.v:62916' bound to instance 'MUXCY_I' of component 'MUXCY' [/home/eliquinox/code/fpga/microblaze-ethernet/microblaze-ethernet.gen/sources_1/bd/top/ipshared/ae8a/hdl/axi_timer_v2_0_vh_rfs.vhd:462]
INFO: [Synth 8-3491] module 'MUXCY' declared at '/home/eliquinox/Xilinx-2021/Vivado/2021.1/scripts/rt/data/unisim_comp.v:62916' bound to instance 'MUXCY_I' of component 'MUXCY' [/home/eliquinox/code/fpga/microblaze-ethernet/microblaze-ethernet.gen/sources_1/bd/top/ipshared/ae8a/hdl/axi_timer_v2_0_vh_rfs.vhd:462]
INFO: [Synth 8-3491] module 'MUXCY' declared at '/home/eliquinox/Xilinx-2021/Vivado/2021.1/scripts/rt/data/unisim_comp.v:62916' bound to instance 'MUXCY_I' of component 'MUXCY' [/home/eliquinox/code/fpga/microblaze-ethernet/microblaze-ethernet.gen/sources_1/bd/top/ipshared/ae8a/hdl/axi_timer_v2_0_vh_rfs.vhd:462]
INFO: [Synth 8-3491] module 'MUXCY' declared at '/home/eliquinox/Xilinx-2021/Vivado/2021.1/scripts/rt/data/unisim_comp.v:62916' bound to instance 'MUXCY_I' of component 'MUXCY' [/home/eliquinox/code/fpga/microblaze-ethernet/microblaze-ethernet.gen/sources_1/bd/top/ipshared/ae8a/hdl/axi_timer_v2_0_vh_rfs.vhd:462]
INFO: [Synth 8-3491] module 'MUXCY' declared at '/home/eliquinox/Xilinx-2021/Vivado/2021.1/scripts/rt/data/unisim_comp.v:62916' bound to instance 'MUXCY_I' of component 'MUXCY' [/home/eliquinox/code/fpga/microblaze-ethernet/microblaze-ethernet.gen/sources_1/bd/top/ipshared/ae8a/hdl/axi_timer_v2_0_vh_rfs.vhd:462]
INFO: [Synth 8-3491] module 'MUXCY' declared at '/home/eliquinox/Xilinx-2021/Vivado/2021.1/scripts/rt/data/unisim_comp.v:62916' bound to instance 'MUXCY_I' of component 'MUXCY' [/home/eliquinox/code/fpga/microblaze-ethernet/microblaze-ethernet.gen/sources_1/bd/top/ipshared/ae8a/hdl/axi_timer_v2_0_vh_rfs.vhd:462]
INFO: [Synth 8-3491] module 'MUXCY' declared at '/home/eliquinox/Xilinx-2021/Vivado/2021.1/scripts/rt/data/unisim_comp.v:62916' bound to instance 'MUXCY_I' of component 'MUXCY' [/home/eliquinox/code/fpga/microblaze-ethernet/microblaze-ethernet.gen/sources_1/bd/top/ipshared/ae8a/hdl/axi_timer_v2_0_vh_rfs.vhd:462]
INFO: [Synth 8-3491] module 'MUXCY' declared at '/home/eliquinox/Xilinx-2021/Vivado/2021.1/scripts/rt/data/unisim_comp.v:62916' bound to instance 'MUXCY_I' of component 'MUXCY' [/home/eliquinox/code/fpga/microblaze-ethernet/microblaze-ethernet.gen/sources_1/bd/top/ipshared/ae8a/hdl/axi_timer_v2_0_vh_rfs.vhd:462]
INFO: [Synth 8-3491] module 'MUXCY' declared at '/home/eliquinox/Xilinx-2021/Vivado/2021.1/scripts/rt/data/unisim_comp.v:62916' bound to instance 'MUXCY_I' of component 'MUXCY' [/home/eliquinox/code/fpga/microblaze-ethernet/microblaze-ethernet.gen/sources_1/bd/top/ipshared/ae8a/hdl/axi_timer_v2_0_vh_rfs.vhd:462]
INFO: [Synth 8-3491] module 'MUXCY' declared at '/home/eliquinox/Xilinx-2021/Vivado/2021.1/scripts/rt/data/unisim_comp.v:62916' bound to instance 'MUXCY_I' of component 'MUXCY' [/home/eliquinox/code/fpga/microblaze-ethernet/microblaze-ethernet.gen/sources_1/bd/top/ipshared/ae8a/hdl/axi_timer_v2_0_vh_rfs.vhd:462]
INFO: [Synth 8-3491] module 'MUXCY' declared at '/home/eliquinox/Xilinx-2021/Vivado/2021.1/scripts/rt/data/unisim_comp.v:62916' bound to instance 'MUXCY_I' of component 'MUXCY' [/home/eliquinox/code/fpga/microblaze-ethernet/microblaze-ethernet.gen/sources_1/bd/top/ipshared/ae8a/hdl/axi_timer_v2_0_vh_rfs.vhd:462]
INFO: [Synth 8-3491] module 'MUXCY' declared at '/home/eliquinox/Xilinx-2021/Vivado/2021.1/scripts/rt/data/unisim_comp.v:62916' bound to instance 'MUXCY_I' of component 'MUXCY' [/home/eliquinox/code/fpga/microblaze-ethernet/microblaze-ethernet.gen/sources_1/bd/top/ipshared/ae8a/hdl/axi_timer_v2_0_vh_rfs.vhd:462]
INFO: [Synth 8-3491] module 'MUXCY' declared at '/home/eliquinox/Xilinx-2021/Vivado/2021.1/scripts/rt/data/unisim_comp.v:62916' bound to instance 'MUXCY_I' of component 'MUXCY' [/home/eliquinox/code/fpga/microblaze-ethernet/microblaze-ethernet.gen/sources_1/bd/top/ipshared/ae8a/hdl/axi_timer_v2_0_vh_rfs.vhd:462]
INFO: [Synth 8-3491] module 'MUXCY' declared at '/home/eliquinox/Xilinx-2021/Vivado/2021.1/scripts/rt/data/unisim_comp.v:62916' bound to instance 'MUXCY_I' of component 'MUXCY' [/home/eliquinox/code/fpga/microblaze-ethernet/microblaze-ethernet.gen/sources_1/bd/top/ipshared/ae8a/hdl/axi_timer_v2_0_vh_rfs.vhd:462]
INFO: [Synth 8-3491] module 'MUXCY' declared at '/home/eliquinox/Xilinx-2021/Vivado/2021.1/scripts/rt/data/unisim_comp.v:62916' bound to instance 'MUXCY_I' of component 'MUXCY' [/home/eliquinox/code/fpga/microblaze-ethernet/microblaze-ethernet.gen/sources_1/bd/top/ipshared/ae8a/hdl/axi_timer_v2_0_vh_rfs.vhd:462]
INFO: [Synth 8-3491] module 'MUXCY' declared at '/home/eliquinox/Xilinx-2021/Vivado/2021.1/scripts/rt/data/unisim_comp.v:62916' bound to instance 'MUXCY_I' of component 'MUXCY' [/home/eliquinox/code/fpga/microblaze-ethernet/microblaze-ethernet.gen/sources_1/bd/top/ipshared/ae8a/hdl/axi_timer_v2_0_vh_rfs.vhd:462]
INFO: [Synth 8-3491] module 'MUXCY' declared at '/home/eliquinox/Xilinx-2021/Vivado/2021.1/scripts/rt/data/unisim_comp.v:62916' bound to instance 'MUXCY_I' of component 'MUXCY' [/home/eliquinox/code/fpga/microblaze-ethernet/microblaze-ethernet.gen/sources_1/bd/top/ipshared/ae8a/hdl/axi_timer_v2_0_vh_rfs.vhd:462]
INFO: [Synth 8-3491] module 'MUXCY' declared at '/home/eliquinox/Xilinx-2021/Vivado/2021.1/scripts/rt/data/unisim_comp.v:62916' bound to instance 'MUXCY_I' of component 'MUXCY' [/home/eliquinox/code/fpga/microblaze-ethernet/microblaze-ethernet.gen/sources_1/bd/top/ipshared/ae8a/hdl/axi_timer_v2_0_vh_rfs.vhd:462]
INFO: [Synth 8-3491] module 'MUXCY' declared at '/home/eliquinox/Xilinx-2021/Vivado/2021.1/scripts/rt/data/unisim_comp.v:62916' bound to instance 'MUXCY_I' of component 'MUXCY' [/home/eliquinox/code/fpga/microblaze-ethernet/microblaze-ethernet.gen/sources_1/bd/top/ipshared/ae8a/hdl/axi_timer_v2_0_vh_rfs.vhd:462]
INFO: [Synth 8-3491] module 'MUXCY' declared at '/home/eliquinox/Xilinx-2021/Vivado/2021.1/scripts/rt/data/unisim_comp.v:62916' bound to instance 'MUXCY_I' of component 'MUXCY' [/home/eliquinox/code/fpga/microblaze-ethernet/microblaze-ethernet.gen/sources_1/bd/top/ipshared/ae8a/hdl/axi_timer_v2_0_vh_rfs.vhd:462]
INFO: [Synth 8-3491] module 'MUXCY' declared at '/home/eliquinox/Xilinx-2021/Vivado/2021.1/scripts/rt/data/unisim_comp.v:62916' bound to instance 'MUXCY_I' of component 'MUXCY' [/home/eliquinox/code/fpga/microblaze-ethernet/microblaze-ethernet.gen/sources_1/bd/top/ipshared/ae8a/hdl/axi_timer_v2_0_vh_rfs.vhd:462]
INFO: [Synth 8-3491] module 'MUXCY' declared at '/home/eliquinox/Xilinx-2021/Vivado/2021.1/scripts/rt/data/unisim_comp.v:62916' bound to instance 'MUXCY_I' of component 'MUXCY' [/home/eliquinox/code/fpga/microblaze-ethernet/microblaze-ethernet.gen/sources_1/bd/top/ipshared/ae8a/hdl/axi_timer_v2_0_vh_rfs.vhd:462]
INFO: [Synth 8-3491] module 'MUXCY' declared at '/home/eliquinox/Xilinx-2021/Vivado/2021.1/scripts/rt/data/unisim_comp.v:62916' bound to instance 'MUXCY_I' of component 'MUXCY' [/home/eliquinox/code/fpga/microblaze-ethernet/microblaze-ethernet.gen/sources_1/bd/top/ipshared/ae8a/hdl/axi_timer_v2_0_vh_rfs.vhd:462]
INFO: [Synth 8-3491] module 'MUXCY' declared at '/home/eliquinox/Xilinx-2021/Vivado/2021.1/scripts/rt/data/unisim_comp.v:62916' bound to instance 'MUXCY_I' of component 'MUXCY' [/home/eliquinox/code/fpga/microblaze-ethernet/microblaze-ethernet.gen/sources_1/bd/top/ipshared/ae8a/hdl/axi_timer_v2_0_vh_rfs.vhd:462]
INFO: [Synth 8-3491] module 'MUXCY' declared at '/home/eliquinox/Xilinx-2021/Vivado/2021.1/scripts/rt/data/unisim_comp.v:62916' bound to instance 'MUXCY_I' of component 'MUXCY' [/home/eliquinox/code/fpga/microblaze-ethernet/microblaze-ethernet.gen/sources_1/bd/top/ipshared/ae8a/hdl/axi_timer_v2_0_vh_rfs.vhd:462]
INFO: [Synth 8-3491] module 'MUXCY' declared at '/home/eliquinox/Xilinx-2021/Vivado/2021.1/scripts/rt/data/unisim_comp.v:62916' bound to instance 'MUXCY_I' of component 'MUXCY' [/home/eliquinox/code/fpga/microblaze-ethernet/microblaze-ethernet.gen/sources_1/bd/top/ipshared/ae8a/hdl/axi_timer_v2_0_vh_rfs.vhd:462]
INFO: [Synth 8-3491] module 'MUXCY' declared at '/home/eliquinox/Xilinx-2021/Vivado/2021.1/scripts/rt/data/unisim_comp.v:62916' bound to instance 'MUXCY_I' of component 'MUXCY' [/home/eliquinox/code/fpga/microblaze-ethernet/microblaze-ethernet.gen/sources_1/bd/top/ipshared/ae8a/hdl/axi_timer_v2_0_vh_rfs.vhd:462]
INFO: [Synth 8-3491] module 'MUXCY' declared at '/home/eliquinox/Xilinx-2021/Vivado/2021.1/scripts/rt/data/unisim_comp.v:62916' bound to instance 'MUXCY_I' of component 'MUXCY' [/home/eliquinox/code/fpga/microblaze-ethernet/microblaze-ethernet.gen/sources_1/bd/top/ipshared/ae8a/hdl/axi_timer_v2_0_vh_rfs.vhd:462]
INFO: [Synth 8-3491] module 'MUXCY' declared at '/home/eliquinox/Xilinx-2021/Vivado/2021.1/scripts/rt/data/unisim_comp.v:62916' bound to instance 'MUXCY_I' of component 'MUXCY' [/home/eliquinox/code/fpga/microblaze-ethernet/microblaze-ethernet.gen/sources_1/bd/top/ipshared/ae8a/hdl/axi_timer_v2_0_vh_rfs.vhd:462]
INFO: [Synth 8-3491] module 'MUXCY' declared at '/home/eliquinox/Xilinx-2021/Vivado/2021.1/scripts/rt/data/unisim_comp.v:62916' bound to instance 'MUXCY_I' of component 'MUXCY' [/home/eliquinox/code/fpga/microblaze-ethernet/microblaze-ethernet.gen/sources_1/bd/top/ipshared/ae8a/hdl/axi_timer_v2_0_vh_rfs.vhd:462]
INFO: [Synth 8-3491] module 'MUXCY' declared at '/home/eliquinox/Xilinx-2021/Vivado/2021.1/scripts/rt/data/unisim_comp.v:62916' bound to instance 'MUXCY_I' of component 'MUXCY' [/home/eliquinox/code/fpga/microblaze-ethernet/microblaze-ethernet.gen/sources_1/bd/top/ipshared/ae8a/hdl/axi_timer_v2_0_vh_rfs.vhd:462]
INFO: [Synth 8-3491] module 'MUXCY' declared at '/home/eliquinox/Xilinx-2021/Vivado/2021.1/scripts/rt/data/unisim_comp.v:62916' bound to instance 'MUXCY_I' of component 'MUXCY' [/home/eliquinox/code/fpga/microblaze-ethernet/microblaze-ethernet.gen/sources_1/bd/top/ipshared/ae8a/hdl/axi_timer_v2_0_vh_rfs.vhd:462]
INFO: [Synth 8-3491] module 'MUXCY' declared at '/home/eliquinox/Xilinx-2021/Vivado/2021.1/scripts/rt/data/unisim_comp.v:62916' bound to instance 'MUXCY_I' of component 'MUXCY' [/home/eliquinox/code/fpga/microblaze-ethernet/microblaze-ethernet.gen/sources_1/bd/top/ipshared/ae8a/hdl/axi_timer_v2_0_vh_rfs.vhd:462]
INFO: [Synth 8-3491] module 'MUXCY' declared at '/home/eliquinox/Xilinx-2021/Vivado/2021.1/scripts/rt/data/unisim_comp.v:62916' bound to instance 'MUXCY_I' of component 'MUXCY' [/home/eliquinox/code/fpga/microblaze-ethernet/microblaze-ethernet.gen/sources_1/bd/top/ipshared/ae8a/hdl/axi_timer_v2_0_vh_rfs.vhd:462]
INFO: [Synth 8-3491] module 'MUXCY' declared at '/home/eliquinox/Xilinx-2021/Vivado/2021.1/scripts/rt/data/unisim_comp.v:62916' bound to instance 'MUXCY_I' of component 'MUXCY' [/home/eliquinox/code/fpga/microblaze-ethernet/microblaze-ethernet.gen/sources_1/bd/top/ipshared/ae8a/hdl/axi_timer_v2_0_vh_rfs.vhd:462]
INFO: [Synth 8-256] done synthesizing module 'mux_onehot_f' (2#1) [/home/eliquinox/code/fpga/microblaze-ethernet/microblaze-ethernet.gen/sources_1/bd/top/ipshared/ae8a/hdl/axi_timer_v2_0_vh_rfs.vhd:365]
INFO: [Synth 8-638] synthesizing module 'count_module' [/home/eliquinox/code/fpga/microblaze-ethernet/microblaze-ethernet.gen/sources_1/bd/top/ipshared/ae8a/hdl/axi_timer_v2_0_vh_rfs.vhd:1438]
INFO: [Synth 8-113] binding component instance 'LOAD_REG_I' to cell 'FDRE' [/home/eliquinox/code/fpga/microblaze-ethernet/microblaze-ethernet.gen/sources_1/bd/top/ipshared/ae8a/hdl/axi_timer_v2_0_vh_rfs.vhd:1474]
INFO: [Synth 8-113] binding component instance 'LOAD_REG_I' to cell 'FDRE' [/home/eliquinox/code/fpga/microblaze-ethernet/microblaze-ethernet.gen/sources_1/bd/top/ipshared/ae8a/hdl/axi_timer_v2_0_vh_rfs.vhd:1474]
INFO: [Synth 8-113] binding component instance 'LOAD_REG_I' to cell 'FDRE' [/home/eliquinox/code/fpga/microblaze-ethernet/microblaze-ethernet.gen/sources_1/bd/top/ipshared/ae8a/hdl/axi_timer_v2_0_vh_rfs.vhd:1474]
INFO: [Synth 8-113] binding component instance 'LOAD_REG_I' to cell 'FDRE' [/home/eliquinox/code/fpga/microblaze-ethernet/microblaze-ethernet.gen/sources_1/bd/top/ipshared/ae8a/hdl/axi_timer_v2_0_vh_rfs.vhd:1474]
INFO: [Synth 8-113] binding component instance 'LOAD_REG_I' to cell 'FDRE' [/home/eliquinox/code/fpga/microblaze-ethernet/microblaze-ethernet.gen/sources_1/bd/top/ipshared/ae8a/hdl/axi_timer_v2_0_vh_rfs.vhd:1474]
INFO: [Synth 8-113] binding component instance 'LOAD_REG_I' to cell 'FDRE' [/home/eliquinox/code/fpga/microblaze-ethernet/microblaze-ethernet.gen/sources_1/bd/top/ipshared/ae8a/hdl/axi_timer_v2_0_vh_rfs.vhd:1474]
INFO: [Synth 8-113] binding component instance 'LOAD_REG_I' to cell 'FDRE' [/home/eliquinox/code/fpga/microblaze-ethernet/microblaze-ethernet.gen/sources_1/bd/top/ipshared/ae8a/hdl/axi_timer_v2_0_vh_rfs.vhd:1474]
INFO: [Synth 8-113] binding component instance 'LOAD_REG_I' to cell 'FDRE' [/home/eliquinox/code/fpga/microblaze-ethernet/microblaze-ethernet.gen/sources_1/bd/top/ipshared/ae8a/hdl/axi_timer_v2_0_vh_rfs.vhd:1474]
INFO: [Synth 8-113] binding component instance 'LOAD_REG_I' to cell 'FDRE' [/home/eliquinox/code/fpga/microblaze-ethernet/microblaze-ethernet.gen/sources_1/bd/top/ipshared/ae8a/hdl/axi_timer_v2_0_vh_rfs.vhd:1474]
INFO: [Synth 8-113] binding component instance 'LOAD_REG_I' to cell 'FDRE' [/home/eliquinox/code/fpga/microblaze-ethernet/microblaze-ethernet.gen/sources_1/bd/top/ipshared/ae8a/hdl/axi_timer_v2_0_vh_rfs.vhd:1474]
INFO: [Synth 8-113] binding component instance 'LOAD_REG_I' to cell 'FDRE' [/home/eliquinox/code/fpga/microblaze-ethernet/microblaze-ethernet.gen/sources_1/bd/top/ipshared/ae8a/hdl/axi_timer_v2_0_vh_rfs.vhd:1474]
INFO: [Synth 8-113] binding component instance 'LOAD_REG_I' to cell 'FDRE' [/home/eliquinox/code/fpga/microblaze-ethernet/microblaze-ethernet.gen/sources_1/bd/top/ipshared/ae8a/hdl/axi_timer_v2_0_vh_rfs.vhd:1474]
INFO: [Synth 8-113] binding component instance 'LOAD_REG_I' to cell 'FDRE' [/home/eliquinox/code/fpga/microblaze-ethernet/microblaze-ethernet.gen/sources_1/bd/top/ipshared/ae8a/hdl/axi_timer_v2_0_vh_rfs.vhd:1474]
INFO: [Synth 8-113] binding component instance 'LOAD_REG_I' to cell 'FDRE' [/home/eliquinox/code/fpga/microblaze-ethernet/microblaze-ethernet.gen/sources_1/bd/top/ipshared/ae8a/hdl/axi_timer_v2_0_vh_rfs.vhd:1474]
INFO: [Synth 8-113] binding component instance 'LOAD_REG_I' to cell 'FDRE' [/home/eliquinox/code/fpga/microblaze-ethernet/microblaze-ethernet.gen/sources_1/bd/top/ipshared/ae8a/hdl/axi_timer_v2_0_vh_rfs.vhd:1474]
INFO: [Synth 8-113] binding component instance 'LOAD_REG_I' to cell 'FDRE' [/home/eliquinox/code/fpga/microblaze-ethernet/microblaze-ethernet.gen/sources_1/bd/top/ipshared/ae8a/hdl/axi_timer_v2_0_vh_rfs.vhd:1474]
INFO: [Synth 8-113] binding component instance 'LOAD_REG_I' to cell 'FDRE' [/home/eliquinox/code/fpga/microblaze-ethernet/microblaze-ethernet.gen/sources_1/bd/top/ipshared/ae8a/hdl/axi_timer_v2_0_vh_rfs.vhd:1474]
INFO: [Synth 8-113] binding component instance 'LOAD_REG_I' to cell 'FDRE' [/home/eliquinox/code/fpga/microblaze-ethernet/microblaze-ethernet.gen/sources_1/bd/top/ipshared/ae8a/hdl/axi_timer_v2_0_vh_rfs.vhd:1474]
INFO: [Synth 8-113] binding component instance 'LOAD_REG_I' to cell 'FDRE' [/home/eliquinox/code/fpga/microblaze-ethernet/microblaze-ethernet.gen/sources_1/bd/top/ipshared/ae8a/hdl/axi_timer_v2_0_vh_rfs.vhd:1474]
INFO: [Synth 8-113] binding component instance 'LOAD_REG_I' to cell 'FDRE' [/home/eliquinox/code/fpga/microblaze-ethernet/microblaze-ethernet.gen/sources_1/bd/top/ipshared/ae8a/hdl/axi_timer_v2_0_vh_rfs.vhd:1474]
INFO: [Synth 8-113] binding component instance 'LOAD_REG_I' to cell 'FDRE' [/home/eliquinox/code/fpga/microblaze-ethernet/microblaze-ethernet.gen/sources_1/bd/top/ipshared/ae8a/hdl/axi_timer_v2_0_vh_rfs.vhd:1474]
INFO: [Synth 8-113] binding component instance 'LOAD_REG_I' to cell 'FDRE' [/home/eliquinox/code/fpga/microblaze-ethernet/microblaze-ethernet.gen/sources_1/bd/top/ipshared/ae8a/hdl/axi_timer_v2_0_vh_rfs.vhd:1474]
INFO: [Synth 8-113] binding component instance 'LOAD_REG_I' to cell 'FDRE' [/home/eliquinox/code/fpga/microblaze-ethernet/microblaze-ethernet.gen/sources_1/bd/top/ipshared/ae8a/hdl/axi_timer_v2_0_vh_rfs.vhd:1474]
INFO: [Synth 8-113] binding component instance 'LOAD_REG_I' to cell 'FDRE' [/home/eliquinox/code/fpga/microblaze-ethernet/microblaze-ethernet.gen/sources_1/bd/top/ipshared/ae8a/hdl/axi_timer_v2_0_vh_rfs.vhd:1474]
INFO: [Synth 8-113] binding component instance 'LOAD_REG_I' to cell 'FDRE' [/home/eliquinox/code/fpga/microblaze-ethernet/microblaze-ethernet.gen/sources_1/bd/top/ipshared/ae8a/hdl/axi_timer_v2_0_vh_rfs.vhd:1474]
INFO: [Synth 8-113] binding component instance 'LOAD_REG_I' to cell 'FDRE' [/home/eliquinox/code/fpga/microblaze-ethernet/microblaze-ethernet.gen/sources_1/bd/top/ipshared/ae8a/hdl/axi_timer_v2_0_vh_rfs.vhd:1474]
INFO: [Synth 8-113] binding component instance 'LOAD_REG_I' to cell 'FDRE' [/home/eliquinox/code/fpga/microblaze-ethernet/microblaze-ethernet.gen/sources_1/bd/top/ipshared/ae8a/hdl/axi_timer_v2_0_vh_rfs.vhd:1474]
INFO: [Synth 8-113] binding component instance 'LOAD_REG_I' to cell 'FDRE' [/home/eliquinox/code/fpga/microblaze-ethernet/microblaze-ethernet.gen/sources_1/bd/top/ipshared/ae8a/hdl/axi_timer_v2_0_vh_rfs.vhd:1474]
INFO: [Synth 8-113] binding component instance 'LOAD_REG_I' to cell 'FDRE' [/home/eliquinox/code/fpga/microblaze-ethernet/microblaze-ethernet.gen/sources_1/bd/top/ipshared/ae8a/hdl/axi_timer_v2_0_vh_rfs.vhd:1474]
INFO: [Synth 8-113] binding component instance 'LOAD_REG_I' to cell 'FDRE' [/home/eliquinox/code/fpga/microblaze-ethernet/microblaze-ethernet.gen/sources_1/bd/top/ipshared/ae8a/hdl/axi_timer_v2_0_vh_rfs.vhd:1474]
INFO: [Synth 8-113] binding component instance 'LOAD_REG_I' to cell 'FDRE' [/home/eliquinox/code/fpga/microblaze-ethernet/microblaze-ethernet.gen/sources_1/bd/top/ipshared/ae8a/hdl/axi_timer_v2_0_vh_rfs.vhd:1474]
INFO: [Synth 8-113] binding component instance 'LOAD_REG_I' to cell 'FDRE' [/home/eliquinox/code/fpga/microblaze-ethernet/microblaze-ethernet.gen/sources_1/bd/top/ipshared/ae8a/hdl/axi_timer_v2_0_vh_rfs.vhd:1474]
INFO: [Synth 8-638] synthesizing module 'counter_f' [/home/eliquinox/code/fpga/microblaze-ethernet/microblaze-ethernet.gen/sources_1/bd/top/ipshared/ae8a/hdl/axi_timer_v2_0_vh_rfs.vhd:148]
INFO: [Synth 8-256] done synthesizing module 'counter_f' (3#1) [/home/eliquinox/code/fpga/microblaze-ethernet/microblaze-ethernet.gen/sources_1/bd/top/ipshared/ae8a/hdl/axi_timer_v2_0_vh_rfs.vhd:148]
INFO: [Synth 8-256] done synthesizing module 'count_module' (4#1) [/home/eliquinox/code/fpga/microblaze-ethernet/microblaze-ethernet.gen/sources_1/bd/top/ipshared/ae8a/hdl/axi_timer_v2_0_vh_rfs.vhd:1438]
INFO: [Synth 8-638] synthesizing module 'timer_control' [/home/eliquinox/code/fpga/microblaze-ethernet/microblaze-ethernet.gen/sources_1/bd/top/ipshared/ae8a/hdl/axi_timer_v2_0_vh_rfs.vhd:835]
INFO: [Synth 8-113] binding component instance 'TCSR0_FF_I' to cell 'FDRSE' [/home/eliquinox/code/fpga/microblaze-ethernet/microblaze-ethernet.gen/sources_1/bd/top/ipshared/ae8a/hdl/axi_timer_v2_0_vh_rfs.vhd:921]
INFO: [Synth 8-113] binding component instance 'TCSR0_FF_I' to cell 'FDRSE' [/home/eliquinox/code/fpga/microblaze-ethernet/microblaze-ethernet.gen/sources_1/bd/top/ipshared/ae8a/hdl/axi_timer_v2_0_vh_rfs.vhd:921]
INFO: [Synth 8-113] binding component instance 'TCSR0_FF_I' to cell 'FDRSE' [/home/eliquinox/code/fpga/microblaze-ethernet/microblaze-ethernet.gen/sources_1/bd/top/ipshared/ae8a/hdl/axi_timer_v2_0_vh_rfs.vhd:921]
INFO: [Synth 8-113] binding component instance 'TCSR0_FF_I' to cell 'FDRSE' [/home/eliquinox/code/fpga/microblaze-ethernet/microblaze-ethernet.gen/sources_1/bd/top/ipshared/ae8a/hdl/axi_timer_v2_0_vh_rfs.vhd:921]
INFO: [Synth 8-113] binding component instance 'TCSR0_FF_I' to cell 'FDRSE' [/home/eliquinox/code/fpga/microblaze-ethernet/microblaze-ethernet.gen/sources_1/bd/top/ipshared/ae8a/hdl/axi_timer_v2_0_vh_rfs.vhd:921]
INFO: [Synth 8-113] binding component instance 'TCSR0_FF_I' to cell 'FDRSE' [/home/eliquinox/code/fpga/microblaze-ethernet/microblaze-ethernet.gen/sources_1/bd/top/ipshared/ae8a/hdl/axi_timer_v2_0_vh_rfs.vhd:921]
INFO: [Synth 8-113] binding component instance 'TCSR0_FF_I' to cell 'FDRSE' [/home/eliquinox/code/fpga/microblaze-ethernet/microblaze-ethernet.gen/sources_1/bd/top/ipshared/ae8a/hdl/axi_timer_v2_0_vh_rfs.vhd:921]
INFO: [Synth 8-113] binding component instance 'TCSR0_FF_I' to cell 'FDRSE' [/home/eliquinox/code/fpga/microblaze-ethernet/microblaze-ethernet.gen/sources_1/bd/top/ipshared/ae8a/hdl/axi_timer_v2_0_vh_rfs.vhd:921]
INFO: [Synth 8-113] binding component instance 'TCSR0_FF_I' to cell 'FDRSE' [/home/eliquinox/code/fpga/microblaze-ethernet/microblaze-ethernet.gen/sources_1/bd/top/ipshared/ae8a/hdl/axi_timer_v2_0_vh_rfs.vhd:921]
INFO: [Synth 8-113] binding component instance 'TCSR0_FF_I' to cell 'FDRSE' [/home/eliquinox/code/fpga/microblaze-ethernet/microblaze-ethernet.gen/sources_1/bd/top/ipshared/ae8a/hdl/axi_timer_v2_0_vh_rfs.vhd:921]
INFO: [Synth 8-113] binding component instance 'TCSR0_FF_I' to cell 'FDRSE' [/home/eliquinox/code/fpga/microblaze-ethernet/microblaze-ethernet.gen/sources_1/bd/top/ipshared/ae8a/hdl/axi_timer_v2_0_vh_rfs.vhd:921]
INFO: [Synth 8-113] binding component instance 'TCSR0_FF_I' to cell 'FDRSE' [/home/eliquinox/code/fpga/microblaze-ethernet/microblaze-ethernet.gen/sources_1/bd/top/ipshared/ae8a/hdl/axi_timer_v2_0_vh_rfs.vhd:921]
INFO: [Synth 8-113] binding component instance 'TCSR1_FF_I' to cell 'FDRSE' [/home/eliquinox/code/fpga/microblaze-ethernet/microblaze-ethernet.gen/sources_1/bd/top/ipshared/ae8a/hdl/axi_timer_v2_0_vh_rfs.vhd:1002]
INFO: [Synth 8-113] binding component instance 'TCSR1_FF_I' to cell 'FDRSE' [/home/eliquinox/code/fpga/microblaze-ethernet/microblaze-ethernet.gen/sources_1/bd/top/ipshared/ae8a/hdl/axi_timer_v2_0_vh_rfs.vhd:1002]
INFO: [Synth 8-113] binding component instance 'TCSR1_FF_I' to cell 'FDRSE' [/home/eliquinox/code/fpga/microblaze-ethernet/microblaze-ethernet.gen/sources_1/bd/top/ipshared/ae8a/hdl/axi_timer_v2_0_vh_rfs.vhd:1002]
INFO: [Synth 8-113] binding component instance 'TCSR1_FF_I' to cell 'FDRSE' [/home/eliquinox/code/fpga/microblaze-ethernet/microblaze-ethernet.gen/sources_1/bd/top/ipshared/ae8a/hdl/axi_timer_v2_0_vh_rfs.vhd:1002]
INFO: [Synth 8-113] binding component instance 'TCSR1_FF_I' to cell 'FDRSE' [/home/eliquinox/code/fpga/microblaze-ethernet/microblaze-ethernet.gen/sources_1/bd/top/ipshared/ae8a/hdl/axi_timer_v2_0_vh_rfs.vhd:1002]
INFO: [Synth 8-113] binding component instance 'TCSR1_FF_I' to cell 'FDRSE' [/home/eliquinox/code/fpga/microblaze-ethernet/microblaze-ethernet.gen/sources_1/bd/top/ipshared/ae8a/hdl/axi_timer_v2_0_vh_rfs.vhd:1002]
INFO: [Synth 8-113] binding component instance 'TCSR1_FF_I' to cell 'FDRSE' [/home/eliquinox/code/fpga/microblaze-ethernet/microblaze-ethernet.gen/sources_1/bd/top/ipshared/ae8a/hdl/axi_timer_v2_0_vh_rfs.vhd:1002]
INFO: [Synth 8-113] binding component instance 'TCSR1_FF_I' to cell 'FDRSE' [/home/eliquinox/code/fpga/microblaze-ethernet/microblaze-ethernet.gen/sources_1/bd/top/ipshared/ae8a/hdl/axi_timer_v2_0_vh_rfs.vhd:1002]
INFO: [Synth 8-113] binding component instance 'TCSR1_FF_I' to cell 'FDRSE' [/home/eliquinox/code/fpga/microblaze-ethernet/microblaze-ethernet.gen/sources_1/bd/top/ipshared/ae8a/hdl/axi_timer_v2_0_vh_rfs.vhd:1002]
INFO: [Synth 8-113] binding component instance 'TCSR1_FF_I' to cell 'FDRSE' [/home/eliquinox/code/fpga/microblaze-ethernet/microblaze-ethernet.gen/sources_1/bd/top/ipshared/ae8a/hdl/axi_timer_v2_0_vh_rfs.vhd:1002]
INFO: [Synth 8-113] binding component instance 'TCSR1_FF_I' to cell 'FDRSE' [/home/eliquinox/code/fpga/microblaze-ethernet/microblaze-ethernet.gen/sources_1/bd/top/ipshared/ae8a/hdl/axi_timer_v2_0_vh_rfs.vhd:1002]
INFO: [Synth 8-113] binding component instance 'READ_DONE0_I' to cell 'FDRSE' [/home/eliquinox/code/fpga/microblaze-ethernet/microblaze-ethernet.gen/sources_1/bd/top/ipshared/ae8a/hdl/axi_timer_v2_0_vh_rfs.vhd:1074]
INFO: [Synth 8-113] binding component instance 'READ_DONE1_I' to cell 'FDRSE' [/home/eliquinox/code/fpga/microblaze-ethernet/microblaze-ethernet.gen/sources_1/bd/top/ipshared/ae8a/hdl/axi_timer_v2_0_vh_rfs.vhd:1084]
INFO: [Synth 8-638] synthesizing module 'cdc_sync' [/home/eliquinox/code/fpga/microblaze-ethernet/microblaze-ethernet.gen/sources_1/bd/top/ipshared/ef1e/hdl/lib_cdc_v1_0_rfs.vhd:106]
	Parameter INIT bound to: 1'b0 
INFO: [Synth 8-113] binding component instance 'CROSS_PLEVEL_IN2SCNDRY_IN_cdc_to' to cell 'FDR' [/home/eliquinox/code/fpga/microblaze-ethernet/microblaze-ethernet.gen/sources_1/bd/top/ipshared/ef1e/hdl/lib_cdc_v1_0_rfs.vhd:514]
	Parameter INIT bound to: 1'b0 
INFO: [Synth 8-113] binding component instance 'CROSS_PLEVEL_IN2SCNDRY_s_level_out_d2' to cell 'FDR' [/home/eliquinox/code/fpga/microblaze-ethernet/microblaze-ethernet.gen/sources_1/bd/top/ipshared/ef1e/hdl/lib_cdc_v1_0_rfs.vhd:545]
	Parameter INIT bound to: 1'b0 
INFO: [Synth 8-113] binding component instance 'CROSS_PLEVEL_IN2SCNDRY_s_level_out_d3' to cell 'FDR' [/home/eliquinox/code/fpga/microblaze-ethernet/microblaze-ethernet.gen/sources_1/bd/top/ipshared/ef1e/hdl/lib_cdc_v1_0_rfs.vhd:554]
	Parameter INIT bound to: 1'b0 
INFO: [Synth 8-113] binding component instance 'CROSS_PLEVEL_IN2SCNDRY_s_level_out_d4' to cell 'FDR' [/home/eliquinox/code/fpga/microblaze-ethernet/microblaze-ethernet.gen/sources_1/bd/top/ipshared/ef1e/hdl/lib_cdc_v1_0_rfs.vhd:564]
	Parameter INIT bound to: 1'b0 
INFO: [Synth 8-113] binding component instance 'CROSS_PLEVEL_IN2SCNDRY_s_level_out_d5' to cell 'FDR' [/home/eliquinox/code/fpga/microblaze-ethernet/microblaze-ethernet.gen/sources_1/bd/top/ipshared/ef1e/hdl/lib_cdc_v1_0_rfs.vhd:574]
	Parameter INIT bound to: 1'b0 
INFO: [Synth 8-113] binding component instance 'CROSS_PLEVEL_IN2SCNDRY_s_level_out_d6' to cell 'FDR' [/home/eliquinox/code/fpga/microblaze-ethernet/microblaze-ethernet.gen/sources_1/bd/top/ipshared/ef1e/hdl/lib_cdc_v1_0_rfs.vhd:584]
INFO: [Synth 8-256] done synthesizing module 'cdc_sync' (5#1) [/home/eliquinox/code/fpga/microblaze-ethernet/microblaze-ethernet.gen/sources_1/bd/top/ipshared/ef1e/hdl/lib_cdc_v1_0_rfs.vhd:106]
INFO: [Synth 8-256] done synthesizing module 'timer_control' (6#1) [/home/eliquinox/code/fpga/microblaze-ethernet/microblaze-ethernet.gen/sources_1/bd/top/ipshared/ae8a/hdl/axi_timer_v2_0_vh_rfs.vhd:835]
INFO: [Synth 8-113] binding component instance 'PWM_FF_I' to cell 'FDRS' [/home/eliquinox/code/fpga/microblaze-ethernet/microblaze-ethernet.gen/sources_1/bd/top/ipshared/ae8a/hdl/axi_timer_v2_0_vh_rfs.vhd:1910]
INFO: [Synth 8-256] done synthesizing module 'tc_core' (7#1) [/home/eliquinox/code/fpga/microblaze-ethernet/microblaze-ethernet.gen/sources_1/bd/top/ipshared/ae8a/hdl/axi_timer_v2_0_vh_rfs.vhd:1704]
INFO: [Synth 8-638] synthesizing module 'axi_lite_ipif' [/home/eliquinox/code/fpga/microblaze-ethernet/microblaze-ethernet.gen/sources_1/bd/top/ipshared/66ea/hdl/axi_lite_ipif_v3_0_vh_rfs.vhd:2948]
INFO: [Synth 8-638] synthesizing module 'slave_attachment' [/home/eliquinox/code/fpga/microblaze-ethernet/microblaze-ethernet.gen/sources_1/bd/top/ipshared/66ea/hdl/axi_lite_ipif_v3_0_vh_rfs.vhd:2341]
INFO: [Synth 8-638] synthesizing module 'address_decoder' [/home/eliquinox/code/fpga/microblaze-ethernet/microblaze-ethernet.gen/sources_1/bd/top/ipshared/66ea/hdl/axi_lite_ipif_v3_0_vh_rfs.vhd:1775]
INFO: [Synth 8-638] synthesizing module 'pselect_f' [/home/eliquinox/code/fpga/microblaze-ethernet/microblaze-ethernet.gen/sources_1/bd/top/ipshared/66ea/hdl/axi_lite_ipif_v3_0_vh_rfs.vhd:1534]
INFO: [Synth 8-256] done synthesizing module 'pselect_f' (8#1) [/home/eliquinox/code/fpga/microblaze-ethernet/microblaze-ethernet.gen/sources_1/bd/top/ipshared/66ea/hdl/axi_lite_ipif_v3_0_vh_rfs.vhd:1534]
INFO: [Synth 8-638] synthesizing module 'pselect_f__parameterized0' [/home/eliquinox/code/fpga/microblaze-ethernet/microblaze-ethernet.gen/sources_1/bd/top/ipshared/66ea/hdl/axi_lite_ipif_v3_0_vh_rfs.vhd:1534]
INFO: [Synth 8-256] done synthesizing module 'pselect_f__parameterized0' (8#1) [/home/eliquinox/code/fpga/microblaze-ethernet/microblaze-ethernet.gen/sources_1/bd/top/ipshared/66ea/hdl/axi_lite_ipif_v3_0_vh_rfs.vhd:1534]
INFO: [Synth 8-638] synthesizing module 'pselect_f__parameterized1' [/home/eliquinox/code/fpga/microblaze-ethernet/microblaze-ethernet.gen/sources_1/bd/top/ipshared/66ea/hdl/axi_lite_ipif_v3_0_vh_rfs.vhd:1534]
INFO: [Synth 8-256] done synthesizing module 'pselect_f__parameterized1' (8#1) [/home/eliquinox/code/fpga/microblaze-ethernet/microblaze-ethernet.gen/sources_1/bd/top/ipshared/66ea/hdl/axi_lite_ipif_v3_0_vh_rfs.vhd:1534]
INFO: [Synth 8-638] synthesizing module 'pselect_f__parameterized2' [/home/eliquinox/code/fpga/microblaze-ethernet/microblaze-ethernet.gen/sources_1/bd/top/ipshared/66ea/hdl/axi_lite_ipif_v3_0_vh_rfs.vhd:1534]
INFO: [Synth 8-256] done synthesizing module 'pselect_f__parameterized2' (8#1) [/home/eliquinox/code/fpga/microblaze-ethernet/microblaze-ethernet.gen/sources_1/bd/top/ipshared/66ea/hdl/axi_lite_ipif_v3_0_vh_rfs.vhd:1534]
INFO: [Synth 8-638] synthesizing module 'pselect_f__parameterized3' [/home/eliquinox/code/fpga/microblaze-ethernet/microblaze-ethernet.gen/sources_1/bd/top/ipshared/66ea/hdl/axi_lite_ipif_v3_0_vh_rfs.vhd:1534]
INFO: [Synth 8-256] done synthesizing module 'pselect_f__parameterized3' (8#1) [/home/eliquinox/code/fpga/microblaze-ethernet/microblaze-ethernet.gen/sources_1/bd/top/ipshared/66ea/hdl/axi_lite_ipif_v3_0_vh_rfs.vhd:1534]
INFO: [Synth 8-638] synthesizing module 'pselect_f__parameterized4' [/home/eliquinox/code/fpga/microblaze-ethernet/microblaze-ethernet.gen/sources_1/bd/top/ipshared/66ea/hdl/axi_lite_ipif_v3_0_vh_rfs.vhd:1534]
INFO: [Synth 8-256] done synthesizing module 'pselect_f__parameterized4' (8#1) [/home/eliquinox/code/fpga/microblaze-ethernet/microblaze-ethernet.gen/sources_1/bd/top/ipshared/66ea/hdl/axi_lite_ipif_v3_0_vh_rfs.vhd:1534]
INFO: [Synth 8-638] synthesizing module 'pselect_f__parameterized5' [/home/eliquinox/code/fpga/microblaze-ethernet/microblaze-ethernet.gen/sources_1/bd/top/ipshared/66ea/hdl/axi_lite_ipif_v3_0_vh_rfs.vhd:1534]
INFO: [Synth 8-256] done synthesizing module 'pselect_f__parameterized5' (8#1) [/home/eliquinox/code/fpga/microblaze-ethernet/microblaze-ethernet.gen/sources_1/bd/top/ipshared/66ea/hdl/axi_lite_ipif_v3_0_vh_rfs.vhd:1534]
INFO: [Synth 8-638] synthesizing module 'pselect_f__parameterized6' [/home/eliquinox/code/fpga/microblaze-ethernet/microblaze-ethernet.gen/sources_1/bd/top/ipshared/66ea/hdl/axi_lite_ipif_v3_0_vh_rfs.vhd:1534]
INFO: [Synth 8-256] done synthesizing module 'pselect_f__parameterized6' (8#1) [/home/eliquinox/code/fpga/microblaze-ethernet/microblaze-ethernet.gen/sources_1/bd/top/ipshared/66ea/hdl/axi_lite_ipif_v3_0_vh_rfs.vhd:1534]
INFO: [Synth 8-256] done synthesizing module 'address_decoder' (9#1) [/home/eliquinox/code/fpga/microblaze-ethernet/microblaze-ethernet.gen/sources_1/bd/top/ipshared/66ea/hdl/axi_lite_ipif_v3_0_vh_rfs.vhd:1775]
INFO: [Synth 8-226] default block is never used [/home/eliquinox/code/fpga/microblaze-ethernet/microblaze-ethernet.gen/sources_1/bd/top/ipshared/66ea/hdl/axi_lite_ipif_v3_0_vh_rfs.vhd:2550]
INFO: [Synth 8-256] done synthesizing module 'slave_attachment' (10#1) [/home/eliquinox/code/fpga/microblaze-ethernet/microblaze-ethernet.gen/sources_1/bd/top/ipshared/66ea/hdl/axi_lite_ipif_v3_0_vh_rfs.vhd:2341]
INFO: [Synth 8-256] done synthesizing module 'axi_lite_ipif' (11#1) [/home/eliquinox/code/fpga/microblaze-ethernet/microblaze-ethernet.gen/sources_1/bd/top/ipshared/66ea/hdl/axi_lite_ipif_v3_0_vh_rfs.vhd:2948]
INFO: [Synth 8-256] done synthesizing module 'axi_timer' (12#1) [/home/eliquinox/code/fpga/microblaze-ethernet/microblaze-ethernet.gen/sources_1/bd/top/ipshared/ae8a/hdl/axi_timer_v2_0_vh_rfs.vhd:2143]
INFO: [Synth 8-256] done synthesizing module 'top_axi_timer_0_0' (13#1) [/home/eliquinox/code/fpga/microblaze-ethernet/microblaze-ethernet.gen/sources_1/bd/top/ip/top_axi_timer_0_0/synth/top_axi_timer_0_0.vhd:90]
---------------------------------------------------------------------------------
Finished RTL Elaboration : Time (s): cpu = 00:00:03 ; elapsed = 00:00:03 . Memory (MB): peak = 2555.289 ; gain = 0.000 ; free physical = 27246 ; free virtual = 42049
---------------------------------------------------------------------------------
---------------------------------------------------------------------------------
Start Handling Custom Attributes
---------------------------------------------------------------------------------
---------------------------------------------------------------------------------
Finished Handling Custom Attributes : Time (s): cpu = 00:00:03 ; elapsed = 00:00:03 . Memory (MB): peak = 2555.289 ; gain = 0.000 ; free physical = 28749 ; free virtual = 43552
---------------------------------------------------------------------------------
---------------------------------------------------------------------------------
Finished RTL Optimization Phase 1 : Time (s): cpu = 00:00:03 ; elapsed = 00:00:03 . Memory (MB): peak = 2555.289 ; gain = 0.000 ; free physical = 28750 ; free virtual = 43553
---------------------------------------------------------------------------------
Netlist sorting complete. Time (s): cpu = 00:00:00 ; elapsed = 00:00:00 . Memory (MB): peak = 2555.289 ; gain = 0.000 ; free physical = 28780 ; free virtual = 43583
INFO: [Netlist 29-17] Analyzing 108 Unisim elements for replacement
INFO: [Netlist 29-28] Unisim Transformation completed in 0 CPU seconds
INFO: [Project 1-570] Preparing netlist for logic optimization

Processing XDC Constraints
Initializing timing engine
Parsing XDC File [/home/eliquinox/code/fpga/microblaze-ethernet/microblaze-ethernet.gen/sources_1/bd/top/ip/top_axi_timer_0_0/top_axi_timer_0_0_ooc.xdc] for cell 'U0'
Finished Parsing XDC File [/home/eliquinox/code/fpga/microblaze-ethernet/microblaze-ethernet.gen/sources_1/bd/top/ip/top_axi_timer_0_0/top_axi_timer_0_0_ooc.xdc] for cell 'U0'
Parsing XDC File [/home/eliquinox/code/fpga/microblaze-ethernet/microblaze-ethernet.gen/sources_1/bd/top/ip/top_axi_timer_0_0/top_axi_timer_0_0.xdc] for cell 'U0'
Finished Parsing XDC File [/home/eliquinox/code/fpga/microblaze-ethernet/microblaze-ethernet.gen/sources_1/bd/top/ip/top_axi_timer_0_0/top_axi_timer_0_0.xdc] for cell 'U0'
Parsing XDC File [/home/eliquinox/code/fpga/microblaze-ethernet/microblaze-ethernet.runs/top_axi_timer_0_0_synth_1/dont_touch.xdc]
Finished Parsing XDC File [/home/eliquinox/code/fpga/microblaze-ethernet/microblaze-ethernet.runs/top_axi_timer_0_0_synth_1/dont_touch.xdc]
Completed Processing XDC Constraints

Netlist sorting complete. Time (s): cpu = 00:00:00 ; elapsed = 00:00:00 . Memory (MB): peak = 2619.246 ; gain = 0.000 ; free physical = 28664 ; free virtual = 43467
INFO: [Project 1-111] Unisim Transformation Summary:
  A total of 44 instances were transformed.
  FDR => FDRE: 18 instances
  FDRS => FDRS (FDRE, LUT2, VCC): 1 instance 
  FDRSE => FDRSE (FDRE, LUT4, VCC): 25 instances

Constraint Validation Runtime : Time (s): cpu = 00:00:00.01 ; elapsed = 00:00:00.01 . Memory (MB): peak = 2619.246 ; gain = 0.000 ; free physical = 28655 ; free virtual = 43458
---------------------------------------------------------------------------------
Finished Constraint Validation : Time (s): cpu = 00:00:06 ; elapsed = 00:00:06 . Memory (MB): peak = 2619.246 ; gain = 63.957 ; free physical = 28770 ; free virtual = 43598
---------------------------------------------------------------------------------
---------------------------------------------------------------------------------
Start Loading Part and Timing Information
---------------------------------------------------------------------------------
Loading part: xc7a100tcsg324-1
---------------------------------------------------------------------------------
Finished Loading Part and Timing Information : Time (s): cpu = 00:00:06 ; elapsed = 00:00:06 . Memory (MB): peak = 2619.246 ; gain = 63.957 ; free physical = 28770 ; free virtual = 43598
---------------------------------------------------------------------------------
---------------------------------------------------------------------------------
Start Applying 'set_property' XDC Constraints
---------------------------------------------------------------------------------
Applied set_property KEEP_HIERARCHY = SOFT for U0. (constraint file  /home/eliquinox/code/fpga/microblaze-ethernet/microblaze-ethernet.runs/top_axi_timer_0_0_synth_1/dont_touch.xdc, line 9).
---------------------------------------------------------------------------------
Finished applying 'set_property' XDC Constraints : Time (s): cpu = 00:00:06 ; elapsed = 00:00:06 . Memory (MB): peak = 2619.246 ; gain = 63.957 ; free physical = 28773 ; free virtual = 43600
---------------------------------------------------------------------------------
INFO: [Synth 8-802] inferred FSM for state register 'state_reg' in module 'slave_attachment'
---------------------------------------------------------------------------------------------------
                   State |                     New Encoding |                Previous Encoding 
---------------------------------------------------------------------------------------------------
                 iSTATE2 |                             0001 |                               00
                  iSTATE |                             0010 |                               01
                 iSTATE0 |                             0100 |                               10
                 iSTATE1 |                             1000 |                               11
---------------------------------------------------------------------------------------------------
INFO: [Synth 8-3354] encoded FSM with state register 'state_reg' using encoding 'one-hot' in module 'slave_attachment'
---------------------------------------------------------------------------------
Finished RTL Optimization Phase 2 : Time (s): cpu = 00:00:06 ; elapsed = 00:00:07 . Memory (MB): peak = 2619.246 ; gain = 63.957 ; free physical = 28787 ; free virtual = 43615
---------------------------------------------------------------------------------
---------------------------------------------------------------------------------
Start RTL Component Statistics 
---------------------------------------------------------------------------------
Detailed RTL Component Info : 
+---Adders : 
	   2 Input   33 Bit       Adders := 2     
	   2 Input    6 Bit       Adders := 1     
+---Registers : 
	               33 Bit    Registers := 2     
	               32 Bit    Registers := 1     
	                6 Bit    Registers := 1     
	                5 Bit    Registers := 1     
	                2 Bit    Registers := 4     
	                1 Bit    Registers := 29    
+---Muxes : 
	   3 Input   33 Bit        Muxes := 2     
	   2 Input   33 Bit        Muxes := 2     
	   2 Input   32 Bit        Muxes := 2     
	   2 Input   12 Bit        Muxes := 1     
	   2 Input   11 Bit        Muxes := 1     
	   2 Input    9 Bit        Muxes := 3     
	   3 Input    9 Bit        Muxes := 1     
	   2 Input    5 Bit        Muxes := 1     
	   4 Input    4 Bit        Muxes := 1     
	   2 Input    4 Bit        Muxes := 5     
	   7 Input    2 Bit        Muxes := 1     
	   2 Input    2 Bit        Muxes := 2     
	   2 Input    1 Bit        Muxes := 24    
	   4 Input    1 Bit        Muxes := 3     
---------------------------------------------------------------------------------
Finished RTL Component Statistics 
---------------------------------------------------------------------------------
---------------------------------------------------------------------------------
Start Part Resource Summary
---------------------------------------------------------------------------------
Part Resources:
DSPs: 240 (col length:80)
BRAMs: 270 (col length: RAMB18 80 RAMB36 40)
---------------------------------------------------------------------------------
Finished Part Resource Summary
---------------------------------------------------------------------------------
---------------------------------------------------------------------------------
Start Cross Boundary and Area Optimization
---------------------------------------------------------------------------------
---------------------------------------------------------------------------------
Finished Cross Boundary and Area Optimization : Time (s): cpu = 00:00:07 ; elapsed = 00:00:08 . Memory (MB): peak = 2619.246 ; gain = 63.957 ; free physical = 28696 ; free virtual = 43530
---------------------------------------------------------------------------------
---------------------------------------------------------------------------------
Start Applying XDC Timing Constraints
---------------------------------------------------------------------------------
---------------------------------------------------------------------------------
Finished Applying XDC Timing Constraints : Time (s): cpu = 00:00:10 ; elapsed = 00:00:11 . Memory (MB): peak = 2619.246 ; gain = 63.957 ; free physical = 28414 ; free virtual = 43251
---------------------------------------------------------------------------------
---------------------------------------------------------------------------------
Start Timing Optimization
---------------------------------------------------------------------------------
---------------------------------------------------------------------------------
Finished Timing Optimization : Time (s): cpu = 00:00:11 ; elapsed = 00:00:11 . Memory (MB): peak = 2619.246 ; gain = 63.957 ; free physical = 28367 ; free virtual = 43205
---------------------------------------------------------------------------------
---------------------------------------------------------------------------------
Start Technology Mapping
---------------------------------------------------------------------------------
---------------------------------------------------------------------------------
Finished Technology Mapping : Time (s): cpu = 00:00:11 ; elapsed = 00:00:11 . Memory (MB): peak = 2619.246 ; gain = 63.957 ; free physical = 28366 ; free virtual = 43203
---------------------------------------------------------------------------------
---------------------------------------------------------------------------------
Start IO Insertion
---------------------------------------------------------------------------------
---------------------------------------------------------------------------------
Start Flattening Before IO Insertion
---------------------------------------------------------------------------------
---------------------------------------------------------------------------------
Finished Flattening Before IO Insertion
---------------------------------------------------------------------------------
---------------------------------------------------------------------------------
Start Final Netlist Cleanup
---------------------------------------------------------------------------------
---------------------------------------------------------------------------------
Finished Final Netlist Cleanup
---------------------------------------------------------------------------------
---------------------------------------------------------------------------------
Finished IO Insertion : Time (s): cpu = 00:00:13 ; elapsed = 00:00:13 . Memory (MB): peak = 2619.246 ; gain = 63.957 ; free physical = 28447 ; free virtual = 43288
---------------------------------------------------------------------------------
---------------------------------------------------------------------------------
Start Renaming Generated Instances
---------------------------------------------------------------------------------
---------------------------------------------------------------------------------
Finished Renaming Generated Instances : Time (s): cpu = 00:00:13 ; elapsed = 00:00:13 . Memory (MB): peak = 2619.246 ; gain = 63.957 ; free physical = 28447 ; free virtual = 43288
---------------------------------------------------------------------------------
---------------------------------------------------------------------------------
Start Rebuilding User Hierarchy
---------------------------------------------------------------------------------
---------------------------------------------------------------------------------
Finished Rebuilding User Hierarchy : Time (s): cpu = 00:00:13 ; elapsed = 00:00:13 . Memory (MB): peak = 2619.246 ; gain = 63.957 ; free physical = 28469 ; free virtual = 43310
---------------------------------------------------------------------------------
---------------------------------------------------------------------------------
Start Renaming Generated Ports
---------------------------------------------------------------------------------
---------------------------------------------------------------------------------
Finished Renaming Generated Ports : Time (s): cpu = 00:00:13 ; elapsed = 00:00:13 . Memory (MB): peak = 2619.246 ; gain = 63.957 ; free physical = 28469 ; free virtual = 43310
---------------------------------------------------------------------------------
---------------------------------------------------------------------------------
Start Handling Custom Attributes
---------------------------------------------------------------------------------
---------------------------------------------------------------------------------
Finished Handling Custom Attributes : Time (s): cpu = 00:00:13 ; elapsed = 00:00:13 . Memory (MB): peak = 2619.246 ; gain = 63.957 ; free physical = 28463 ; free virtual = 43304
---------------------------------------------------------------------------------
---------------------------------------------------------------------------------
Start Renaming Generated Nets
---------------------------------------------------------------------------------
---------------------------------------------------------------------------------
Finished Renaming Generated Nets : Time (s): cpu = 00:00:13 ; elapsed = 00:00:13 . Memory (MB): peak = 2619.246 ; gain = 63.957 ; free physical = 28462 ; free virtual = 43303
---------------------------------------------------------------------------------
---------------------------------------------------------------------------------
Start Writing Synthesis Report
---------------------------------------------------------------------------------

Report BlackBoxes: 
+-+--------------+----------+
| |BlackBox name |Instances |
+-+--------------+----------+
+-+--------------+----------+

Report Cell Usage: 
+------+-------+------+
|      |Cell   |Count |
+------+-------+------+
|1     |CARRY4 |    16|
|2     |LUT1   |     6|
|3     |LUT2   |    85|
|4     |LUT3   |   104|
|5     |LUT4   |    76|
|6     |LUT5   |    20|
|7     |LUT6   |    64|
|8     |MUXCY  |    64|
|9     |FDR    |    12|
|10    |FDRE   |   231|
|11    |FDSE   |     1|
+------+-------+------+
---------------------------------------------------------------------------------
Finished Writing Synthesis Report : Time (s): cpu = 00:00:13 ; elapsed = 00:00:13 . Memory (MB): peak = 2619.246 ; gain = 63.957 ; free physical = 28462 ; free virtual = 43303
---------------------------------------------------------------------------------
Synthesis finished with 0 errors, 0 critical warnings and 0 warnings.
Synthesis Optimization Runtime : Time (s): cpu = 00:00:11 ; elapsed = 00:00:12 . Memory (MB): peak = 2619.246 ; gain = 0.000 ; free physical = 28515 ; free virtual = 43356
Synthesis Optimization Complete : Time (s): cpu = 00:00:13 ; elapsed = 00:00:13 . Memory (MB): peak = 2619.246 ; gain = 63.957 ; free physical = 28522 ; free virtual = 43363
INFO: [Project 1-571] Translating synthesized netlist
Netlist sorting complete. Time (s): cpu = 00:00:00.01 ; elapsed = 00:00:00.01 . Memory (MB): peak = 2619.246 ; gain = 0.000 ; free physical = 28601 ; free virtual = 43443
INFO: [Netlist 29-17] Analyzing 92 Unisim elements for replacement
INFO: [Netlist 29-28] Unisim Transformation completed in 0 CPU seconds
INFO: [Project 1-570] Preparing netlist for logic optimization
INFO: [Opt 31-138] Pushed 0 inverter(s) to 0 load pin(s).
Netlist sorting complete. Time (s): cpu = 00:00:00 ; elapsed = 00:00:00 . Memory (MB): peak = 2619.246 ; gain = 0.000 ; free physical = 28578 ; free virtual = 43412
INFO: [Project 1-111] Unisim Transformation Summary:
  A total of 44 instances were transformed.
  (MUXCY,XORCY) => CARRY4: 32 instances
  FDR => FDRE: 12 instances

Synth Design complete, checksum: 69b9c37b
INFO: [Common 17-83] Releasing license: Synthesis
188 Infos, 0 Warnings, 0 Critical Warnings and 0 Errors encountered.
synth_design completed successfully
synth_design: Time (s): cpu = 00:00:18 ; elapsed = 00:00:15 . Memory (MB): peak = 2619.246 ; gain = 64.031 ; free physical = 28713 ; free virtual = 43546
INFO: [Common 17-1381] The checkpoint '/home/eliquinox/code/fpga/microblaze-ethernet/microblaze-ethernet.runs/top_axi_timer_0_0_synth_1/top_axi_timer_0_0.dcp' has been generated.
INFO: [Coretcl 2-1648] Added synthesis output to IP cache for IP top_axi_timer_0_0, cache-ID = c54759c0c85602ed
INFO: [Coretcl 2-1174] Renamed 20 cell refs.
INFO: [Common 17-1381] The checkpoint '/home/eliquinox/code/fpga/microblaze-ethernet/microblaze-ethernet.runs/top_axi_timer_0_0_synth_1/top_axi_timer_0_0.dcp' has been generated.
INFO: [runtcl-4] Executing : report_utilization -file top_axi_timer_0_0_utilization_synth.rpt -pb top_axi_timer_0_0_utilization_synth.pb
INFO: [Common 17-206] Exiting Vivado at Sat Sep 17 15:33:32 2022...
