
*** Running vivado
    with args -log top_rst_mig_7series_0_83M_0.vds -m64 -product Vivado -mode batch -messageDb vivado.pb -notrace -source top_rst_mig_7series_0_83M_0.tcl


****** Vivado v2021.1 (64-bit)
  **** SW Build 3247384 on Thu Jun 10 19:36:07 MDT 2021
  **** IP Build 3246043 on Fri Jun 11 00:30:35 MDT 2021
    ** Copyright 1986-2021 Xilinx, Inc. All Rights Reserved.

source top_rst_mig_7series_0_83M_0.tcl -notrace
Command: synth_design -top top_rst_mig_7series_0_83M_0 -part xc7a100tcsg324-1 -mode out_of_context
Starting synth_design
Attempting to get a license for feature 'Synthesis' and/or device 'xc7a100t'
INFO: [Common 17-349] Got license for feature 'Synthesis' and/or device 'xc7a100t'
INFO: [Device 21-403] Loading part xc7a100tcsg324-1
INFO: [Synth 8-7079] Multithreading enabled for synth_design using a maximum of 4 processes.
INFO: [Synth 8-7078] Launching helper process for spawning children vivado processes
INFO: [Synth 8-7075] Helper process launched with PID 1654315
---------------------------------------------------------------------------------
Starting RTL Elaboration : Time (s): cpu = 00:00:02 ; elapsed = 00:00:02 . Memory (MB): peak = 2550.293 ; gain = 0.000 ; free physical = 25695 ; free virtual = 40467
---------------------------------------------------------------------------------
INFO: [Synth 8-638] synthesizing module 'top_rst_mig_7series_0_83M_0' [/home/eliquinox/code/fpga/microblaze-ethernet/microblaze-ethernet.gen/sources_1/bd/top/ip/top_rst_mig_7series_0_83M_0/synth/top_rst_mig_7series_0_83M_0.vhd:74]
	Parameter C_FAMILY bound to: artix7 - type: string 
	Parameter C_EXT_RST_WIDTH bound to: 4 - type: integer 
	Parameter C_AUX_RST_WIDTH bound to: 4 - type: integer 
	Parameter C_EXT_RESET_HIGH bound to: 1'b1 
	Parameter C_AUX_RESET_HIGH bound to: 1'b0 
	Parameter C_NUM_BUS_RST bound to: 1 - type: integer 
	Parameter C_NUM_PERP_RST bound to: 1 - type: integer 
	Parameter C_NUM_INTERCONNECT_ARESETN bound to: 1 - type: integer 
	Parameter C_NUM_PERP_ARESETN bound to: 1 - type: integer 
INFO: [Synth 8-3491] module 'proc_sys_reset' declared at '/home/eliquinox/code/fpga/microblaze-ethernet/microblaze-ethernet.gen/sources_1/bd/top/ipshared/8842/hdl/proc_sys_reset_v5_0_vh_rfs.vhd:1264' bound to instance 'U0' of component 'proc_sys_reset' [/home/eliquinox/code/fpga/microblaze-ethernet/microblaze-ethernet.gen/sources_1/bd/top/ip/top_rst_mig_7series_0_83M_0/synth/top_rst_mig_7series_0_83M_0.vhd:129]
INFO: [Synth 8-638] synthesizing module 'proc_sys_reset' [/home/eliquinox/code/fpga/microblaze-ethernet/microblaze-ethernet.gen/sources_1/bd/top/ipshared/8842/hdl/proc_sys_reset_v5_0_vh_rfs.vhd:1323]
	Parameter INIT bound to: 1'b1 
INFO: [Synth 8-113] binding component instance 'FDRE_inst' to cell 'FDRE' [/home/eliquinox/code/fpga/microblaze-ethernet/microblaze-ethernet.gen/sources_1/bd/top/ipshared/8842/hdl/proc_sys_reset_v5_0_vh_rfs.vhd:1392]
	Parameter INIT bound to: 1'b1 
INFO: [Synth 8-113] binding component instance 'FDRE_BSR' to cell 'FDRE' [/home/eliquinox/code/fpga/microblaze-ethernet/microblaze-ethernet.gen/sources_1/bd/top/ipshared/8842/hdl/proc_sys_reset_v5_0_vh_rfs.vhd:1408]
	Parameter INIT bound to: 1'b0 
INFO: [Synth 8-113] binding component instance 'FDRE_BSR_N' to cell 'FDRE' [/home/eliquinox/code/fpga/microblaze-ethernet/microblaze-ethernet.gen/sources_1/bd/top/ipshared/8842/hdl/proc_sys_reset_v5_0_vh_rfs.vhd:1434]
	Parameter INIT bound to: 1'b1 
INFO: [Synth 8-113] binding component instance 'FDRE_PER' to cell 'FDRE' [/home/eliquinox/code/fpga/microblaze-ethernet/microblaze-ethernet.gen/sources_1/bd/top/ipshared/8842/hdl/proc_sys_reset_v5_0_vh_rfs.vhd:1457]
	Parameter INIT bound to: 1'b0 
INFO: [Synth 8-113] binding component instance 'FDRE_PER_N' to cell 'FDRE' [/home/eliquinox/code/fpga/microblaze-ethernet/microblaze-ethernet.gen/sources_1/bd/top/ipshared/8842/hdl/proc_sys_reset_v5_0_vh_rfs.vhd:1481]
INFO: [Synth 8-638] synthesizing module 'lpf' [/home/eliquinox/code/fpga/microblaze-ethernet/microblaze-ethernet.gen/sources_1/bd/top/ipshared/8842/hdl/proc_sys_reset_v5_0_vh_rfs.vhd:816]
INFO: [Synth 8-3491] module 'SRL16' declared at '/home/eliquinox/Xilinx-2021/Vivado/2021.1/scripts/rt/data/unisim_comp.v:100945' bound to instance 'POR_SRL_I' of component 'SRL16' [/home/eliquinox/code/fpga/microblaze-ethernet/microblaze-ethernet.gen/sources_1/bd/top/ipshared/8842/hdl/proc_sys_reset_v5_0_vh_rfs.vhd:868]
INFO: [Synth 8-6157] synthesizing module 'SRL16' [/home/eliquinox/Xilinx-2021/Vivado/2021.1/scripts/rt/data/unisim_comp.v:100945]
INFO: [Synth 8-6155] done synthesizing module 'SRL16' (1#1) [/home/eliquinox/Xilinx-2021/Vivado/2021.1/scripts/rt/data/unisim_comp.v:100945]
INFO: [Synth 8-638] synthesizing module 'cdc_sync' [/home/eliquinox/code/fpga/microblaze-ethernet/microblaze-ethernet.gen/sources_1/bd/top/ipshared/ef1e/hdl/lib_cdc_v1_0_rfs.vhd:106]
	Parameter INIT bound to: 1'b0 
INFO: [Synth 8-113] binding component instance 'CROSS_PLEVEL_IN2SCNDRY_IN_cdc_to' to cell 'FDR' [/home/eliquinox/code/fpga/microblaze-ethernet/microblaze-ethernet.gen/sources_1/bd/top/ipshared/ef1e/hdl/lib_cdc_v1_0_rfs.vhd:514]
	Parameter INIT bound to: 1'b0 
INFO: [Synth 8-113] binding component instance 'CROSS_PLEVEL_IN2SCNDRY_s_level_out_d2' to cell 'FDR' [/home/eliquinox/code/fpga/microblaze-ethernet/microblaze-ethernet.gen/sources_1/bd/top/ipshared/ef1e/hdl/lib_cdc_v1_0_rfs.vhd:545]
	Parameter INIT bound to: 1'b0 
INFO: [Synth 8-113] binding component instance 'CROSS_PLEVEL_IN2SCNDRY_s_level_out_d3' to cell 'FDR' [/home/eliquinox/code/fpga/microblaze-ethernet/microblaze-ethernet.gen/sources_1/bd/top/ipshared/ef1e/hdl/lib_cdc_v1_0_rfs.vhd:554]
	Parameter INIT bound to: 1'b0 
INFO: [Synth 8-113] binding component instance 'CROSS_PLEVEL_IN2SCNDRY_s_level_out_d4' to cell 'FDR' [/home/eliquinox/code/fpga/microblaze-ethernet/microblaze-ethernet.gen/sources_1/bd/top/ipshared/ef1e/hdl/lib_cdc_v1_0_rfs.vhd:564]
	Parameter INIT bound to: 1'b0 
INFO: [Synth 8-113] binding component instance 'CROSS_PLEVEL_IN2SCNDRY_s_level_out_d5' to cell 'FDR' [/home/eliquinox/code/fpga/microblaze-ethernet/microblaze-ethernet.gen/sources_1/bd/top/ipshared/ef1e/hdl/lib_cdc_v1_0_rfs.vhd:574]
	Parameter INIT bound to: 1'b0 
INFO: [Synth 8-113] binding component instance 'CROSS_PLEVEL_IN2SCNDRY_s_level_out_d6' to cell 'FDR' [/home/eliquinox/code/fpga/microblaze-ethernet/microblaze-ethernet.gen/sources_1/bd/top/ipshared/ef1e/hdl/lib_cdc_v1_0_rfs.vhd:584]
INFO: [Synth 8-256] done synthesizing module 'cdc_sync' (2#1) [/home/eliquinox/code/fpga/microblaze-ethernet/microblaze-ethernet.gen/sources_1/bd/top/ipshared/ef1e/hdl/lib_cdc_v1_0_rfs.vhd:106]
INFO: [Synth 8-256] done synthesizing module 'lpf' (3#1) [/home/eliquinox/code/fpga/microblaze-ethernet/microblaze-ethernet.gen/sources_1/bd/top/ipshared/8842/hdl/proc_sys_reset_v5_0_vh_rfs.vhd:816]
INFO: [Synth 8-638] synthesizing module 'sequence_psr' [/home/eliquinox/code/fpga/microblaze-ethernet/microblaze-ethernet.gen/sources_1/bd/top/ipshared/8842/hdl/proc_sys_reset_v5_0_vh_rfs.vhd:301]
INFO: [Synth 8-638] synthesizing module 'upcnt_n' [/home/eliquinox/code/fpga/microblaze-ethernet/microblaze-ethernet.gen/sources_1/bd/top/ipshared/8842/hdl/proc_sys_reset_v5_0_vh_rfs.vhd:125]
INFO: [Synth 8-256] done synthesizing module 'upcnt_n' (4#1) [/home/eliquinox/code/fpga/microblaze-ethernet/microblaze-ethernet.gen/sources_1/bd/top/ipshared/8842/hdl/proc_sys_reset_v5_0_vh_rfs.vhd:125]
INFO: [Synth 8-256] done synthesizing module 'sequence_psr' (5#1) [/home/eliquinox/code/fpga/microblaze-ethernet/microblaze-ethernet.gen/sources_1/bd/top/ipshared/8842/hdl/proc_sys_reset_v5_0_vh_rfs.vhd:301]
INFO: [Synth 8-256] done synthesizing module 'proc_sys_reset' (6#1) [/home/eliquinox/code/fpga/microblaze-ethernet/microblaze-ethernet.gen/sources_1/bd/top/ipshared/8842/hdl/proc_sys_reset_v5_0_vh_rfs.vhd:1323]
INFO: [Synth 8-256] done synthesizing module 'top_rst_mig_7series_0_83M_0' (7#1) [/home/eliquinox/code/fpga/microblaze-ethernet/microblaze-ethernet.gen/sources_1/bd/top/ip/top_rst_mig_7series_0_83M_0/synth/top_rst_mig_7series_0_83M_0.vhd:74]
---------------------------------------------------------------------------------
Finished RTL Elaboration : Time (s): cpu = 00:00:03 ; elapsed = 00:00:03 . Memory (MB): peak = 2550.293 ; gain = 0.000 ; free physical = 25256 ; free virtual = 40023
---------------------------------------------------------------------------------
---------------------------------------------------------------------------------
Start Handling Custom Attributes
---------------------------------------------------------------------------------
---------------------------------------------------------------------------------
Finished Handling Custom Attributes : Time (s): cpu = 00:00:03 ; elapsed = 00:00:03 . Memory (MB): peak = 2550.293 ; gain = 0.000 ; free physical = 25294 ; free virtual = 40066
---------------------------------------------------------------------------------
---------------------------------------------------------------------------------
Finished RTL Optimization Phase 1 : Time (s): cpu = 00:00:03 ; elapsed = 00:00:03 . Memory (MB): peak = 2550.293 ; gain = 0.000 ; free physical = 25294 ; free virtual = 40066
---------------------------------------------------------------------------------
Netlist sorting complete. Time (s): cpu = 00:00:00 ; elapsed = 00:00:00 . Memory (MB): peak = 2550.293 ; gain = 0.000 ; free physical = 25307 ; free virtual = 40080
INFO: [Netlist 29-17] Analyzing 13 Unisim elements for replacement
INFO: [Netlist 29-28] Unisim Transformation completed in 0 CPU seconds
INFO: [Project 1-570] Preparing netlist for logic optimization

Processing XDC Constraints
Initializing timing engine
Parsing XDC File [/home/eliquinox/code/fpga/microblaze-ethernet/microblaze-ethernet.gen/sources_1/bd/top/ip/top_rst_mig_7series_0_83M_0/top_rst_mig_7series_0_83M_0_ooc.xdc] for cell 'U0'
Finished Parsing XDC File [/home/eliquinox/code/fpga/microblaze-ethernet/microblaze-ethernet.gen/sources_1/bd/top/ip/top_rst_mig_7series_0_83M_0/top_rst_mig_7series_0_83M_0_ooc.xdc] for cell 'U0'
Parsing XDC File [/home/eliquinox/code/fpga/microblaze-ethernet/microblaze-ethernet.gen/sources_1/bd/top/ip/top_rst_mig_7series_0_83M_0/top_rst_mig_7series_0_83M_0_board.xdc] for cell 'U0'
Finished Parsing XDC File [/home/eliquinox/code/fpga/microblaze-ethernet/microblaze-ethernet.gen/sources_1/bd/top/ip/top_rst_mig_7series_0_83M_0/top_rst_mig_7series_0_83M_0_board.xdc] for cell 'U0'
Parsing XDC File [/home/eliquinox/code/fpga/microblaze-ethernet/microblaze-ethernet.gen/sources_1/bd/top/ip/top_rst_mig_7series_0_83M_0/top_rst_mig_7series_0_83M_0.xdc] for cell 'U0'
Finished Parsing XDC File [/home/eliquinox/code/fpga/microblaze-ethernet/microblaze-ethernet.gen/sources_1/bd/top/ip/top_rst_mig_7series_0_83M_0/top_rst_mig_7series_0_83M_0.xdc] for cell 'U0'
Parsing XDC File [/home/eliquinox/code/fpga/microblaze-ethernet/microblaze-ethernet.runs/top_rst_mig_7series_0_83M_0_synth_1/dont_touch.xdc]
Finished Parsing XDC File [/home/eliquinox/code/fpga/microblaze-ethernet/microblaze-ethernet.runs/top_rst_mig_7series_0_83M_0_synth_1/dont_touch.xdc]
Completed Processing XDC Constraints

Netlist sorting complete. Time (s): cpu = 00:00:00 ; elapsed = 00:00:00 . Memory (MB): peak = 2614.250 ; gain = 0.000 ; free physical = 27454 ; free virtual = 42234
INFO: [Project 1-111] Unisim Transformation Summary:
  A total of 13 instances were transformed.
  FDR => FDRE: 12 instances
  SRL16 => SRL16E: 1 instance 

Constraint Validation Runtime : Time (s): cpu = 00:00:00 ; elapsed = 00:00:00.01 . Memory (MB): peak = 2614.250 ; gain = 0.000 ; free physical = 27544 ; free virtual = 42324
---------------------------------------------------------------------------------
Finished Constraint Validation : Time (s): cpu = 00:00:06 ; elapsed = 00:00:07 . Memory (MB): peak = 2614.250 ; gain = 63.957 ; free physical = 27812 ; free virtual = 42594
---------------------------------------------------------------------------------
---------------------------------------------------------------------------------
Start Loading Part and Timing Information
---------------------------------------------------------------------------------
Loading part: xc7a100tcsg324-1
---------------------------------------------------------------------------------
Finished Loading Part and Timing Information : Time (s): cpu = 00:00:06 ; elapsed = 00:00:07 . Memory (MB): peak = 2614.250 ; gain = 63.957 ; free physical = 27812 ; free virtual = 42594
---------------------------------------------------------------------------------
---------------------------------------------------------------------------------
Start Applying 'set_property' XDC Constraints
---------------------------------------------------------------------------------
Applied set_property KEEP_HIERARCHY = SOFT for U0. (constraint file  /home/eliquinox/code/fpga/microblaze-ethernet/microblaze-ethernet.runs/top_rst_mig_7series_0_83M_0_synth_1/dont_touch.xdc, line 9).
---------------------------------------------------------------------------------
Finished applying 'set_property' XDC Constraints : Time (s): cpu = 00:00:06 ; elapsed = 00:00:07 . Memory (MB): peak = 2614.250 ; gain = 63.957 ; free physical = 27813 ; free virtual = 42596
---------------------------------------------------------------------------------
---------------------------------------------------------------------------------
Finished RTL Optimization Phase 2 : Time (s): cpu = 00:00:06 ; elapsed = 00:00:07 . Memory (MB): peak = 2614.250 ; gain = 63.957 ; free physical = 27803 ; free virtual = 42586
---------------------------------------------------------------------------------
---------------------------------------------------------------------------------
Start RTL Component Statistics 
---------------------------------------------------------------------------------
Detailed RTL Component Info : 
+---Adders : 
	   2 Input    6 Bit       Adders := 1     
+---Registers : 
	                6 Bit    Registers := 1     
	                3 Bit    Registers := 3     
	                1 Bit    Registers := 8     
+---Muxes : 
	   2 Input    6 Bit        Muxes := 1     
	   2 Input    1 Bit        Muxes := 1     
---------------------------------------------------------------------------------
Finished RTL Component Statistics 
---------------------------------------------------------------------------------
---------------------------------------------------------------------------------
Start Part Resource Summary
---------------------------------------------------------------------------------
Part Resources:
DSPs: 240 (col length:80)
BRAMs: 270 (col length: RAMB18 80 RAMB36 40)
---------------------------------------------------------------------------------
Finished Part Resource Summary
---------------------------------------------------------------------------------
---------------------------------------------------------------------------------
Start Cross Boundary and Area Optimization
---------------------------------------------------------------------------------
---------------------------------------------------------------------------------
Finished Cross Boundary and Area Optimization : Time (s): cpu = 00:00:07 ; elapsed = 00:00:07 . Memory (MB): peak = 2614.250 ; gain = 63.957 ; free physical = 27687 ; free virtual = 42474
---------------------------------------------------------------------------------
---------------------------------------------------------------------------------
Start Applying XDC Timing Constraints
---------------------------------------------------------------------------------
---------------------------------------------------------------------------------
Finished Applying XDC Timing Constraints : Time (s): cpu = 00:00:10 ; elapsed = 00:00:10 . Memory (MB): peak = 2614.250 ; gain = 63.957 ; free physical = 26564 ; free virtual = 41352
---------------------------------------------------------------------------------
---------------------------------------------------------------------------------
Start Timing Optimization
---------------------------------------------------------------------------------
---------------------------------------------------------------------------------
Finished Timing Optimization : Time (s): cpu = 00:00:10 ; elapsed = 00:00:10 . Memory (MB): peak = 2614.250 ; gain = 63.957 ; free physical = 26558 ; free virtual = 41346
---------------------------------------------------------------------------------
---------------------------------------------------------------------------------
Start Technology Mapping
---------------------------------------------------------------------------------
---------------------------------------------------------------------------------
Finished Technology Mapping : Time (s): cpu = 00:00:10 ; elapsed = 00:00:10 . Memory (MB): peak = 2614.250 ; gain = 63.957 ; free physical = 26530 ; free virtual = 41318
---------------------------------------------------------------------------------
---------------------------------------------------------------------------------
Start IO Insertion
---------------------------------------------------------------------------------
---------------------------------------------------------------------------------
Start Flattening Before IO Insertion
---------------------------------------------------------------------------------
---------------------------------------------------------------------------------
Finished Flattening Before IO Insertion
---------------------------------------------------------------------------------
---------------------------------------------------------------------------------
Start Final Netlist Cleanup
---------------------------------------------------------------------------------
---------------------------------------------------------------------------------
Finished Final Netlist Cleanup
---------------------------------------------------------------------------------
---------------------------------------------------------------------------------
Finished IO Insertion : Time (s): cpu = 00:00:12 ; elapsed = 00:00:12 . Memory (MB): peak = 2614.250 ; gain = 63.957 ; free physical = 29028 ; free virtual = 43802
---------------------------------------------------------------------------------
---------------------------------------------------------------------------------
Start Renaming Generated Instances
---------------------------------------------------------------------------------
---------------------------------------------------------------------------------
Finished Renaming Generated Instances : Time (s): cpu = 00:00:12 ; elapsed = 00:00:12 . Memory (MB): peak = 2614.250 ; gain = 63.957 ; free physical = 29028 ; free virtual = 43802
---------------------------------------------------------------------------------
---------------------------------------------------------------------------------
Start Rebuilding User Hierarchy
---------------------------------------------------------------------------------
---------------------------------------------------------------------------------
Finished Rebuilding User Hierarchy : Time (s): cpu = 00:00:12 ; elapsed = 00:00:12 . Memory (MB): peak = 2614.250 ; gain = 63.957 ; free physical = 29028 ; free virtual = 43802
---------------------------------------------------------------------------------
---------------------------------------------------------------------------------
Start Renaming Generated Ports
---------------------------------------------------------------------------------
---------------------------------------------------------------------------------
Finished Renaming Generated Ports : Time (s): cpu = 00:00:12 ; elapsed = 00:00:12 . Memory (MB): peak = 2614.250 ; gain = 63.957 ; free physical = 29028 ; free virtual = 43802
---------------------------------------------------------------------------------
---------------------------------------------------------------------------------
Start Handling Custom Attributes
---------------------------------------------------------------------------------
---------------------------------------------------------------------------------
Finished Handling Custom Attributes : Time (s): cpu = 00:00:12 ; elapsed = 00:00:12 . Memory (MB): peak = 2614.250 ; gain = 63.957 ; free physical = 29028 ; free virtual = 43802
---------------------------------------------------------------------------------
---------------------------------------------------------------------------------
Start Renaming Generated Nets
---------------------------------------------------------------------------------
---------------------------------------------------------------------------------
Finished Renaming Generated Nets : Time (s): cpu = 00:00:12 ; elapsed = 00:00:12 . Memory (MB): peak = 2614.250 ; gain = 63.957 ; free physical = 29028 ; free virtual = 43802
---------------------------------------------------------------------------------
---------------------------------------------------------------------------------
Start Writing Synthesis Report
---------------------------------------------------------------------------------

Report BlackBoxes: 
+-+--------------+----------+
| |BlackBox name |Instances |
+-+--------------+----------+
+-+--------------+----------+

Report Cell Usage: 
+------+------+------+
|      |Cell  |Count |
+------+------+------+
|1     |LUT1  |     5|
|2     |LUT2  |     9|
|3     |LUT3  |     1|
|4     |LUT4  |     6|
|5     |LUT5  |     3|
|6     |LUT6  |     1|
|7     |SRL16 |     1|
|8     |FDR   |     8|
|9     |FDRE  |    28|
|10    |FDSE  |     4|
+------+------+------+
---------------------------------------------------------------------------------
Finished Writing Synthesis Report : Time (s): cpu = 00:00:12 ; elapsed = 00:00:12 . Memory (MB): peak = 2614.250 ; gain = 63.957 ; free physical = 29028 ; free virtual = 43801
---------------------------------------------------------------------------------
Synthesis finished with 0 errors, 0 critical warnings and 0 warnings.
Synthesis Optimization Runtime : Time (s): cpu = 00:00:11 ; elapsed = 00:00:11 . Memory (MB): peak = 2614.250 ; gain = 0.000 ; free physical = 29089 ; free virtual = 43862
Synthesis Optimization Complete : Time (s): cpu = 00:00:12 ; elapsed = 00:00:12 . Memory (MB): peak = 2614.250 ; gain = 63.957 ; free physical = 29089 ; free virtual = 43862
INFO: [Project 1-571] Translating synthesized netlist
Netlist sorting complete. Time (s): cpu = 00:00:00 ; elapsed = 00:00:00 . Memory (MB): peak = 2614.250 ; gain = 0.000 ; free physical = 29088 ; free virtual = 43862
INFO: [Netlist 29-17] Analyzing 9 Unisim elements for replacement
INFO: [Netlist 29-28] Unisim Transformation completed in 0 CPU seconds
INFO: [Project 1-570] Preparing netlist for logic optimization
INFO: [Opt 31-138] Pushed 0 inverter(s) to 0 load pin(s).
Netlist sorting complete. Time (s): cpu = 00:00:00 ; elapsed = 00:00:00 . Memory (MB): peak = 2614.250 ; gain = 0.000 ; free physical = 29045 ; free virtual = 43821
INFO: [Project 1-111] Unisim Transformation Summary:
  A total of 9 instances were transformed.
  FDR => FDRE: 8 instances
  SRL16 => SRL16E: 1 instance 

Synth Design complete, checksum: 5295b2c7
INFO: [Common 17-83] Releasing license: Synthesis
43 Infos, 0 Warnings, 0 Critical Warnings and 0 Errors encountered.
synth_design completed successfully
synth_design: Time (s): cpu = 00:00:18 ; elapsed = 00:00:14 . Memory (MB): peak = 2614.250 ; gain = 64.031 ; free physical = 29191 ; free virtual = 43966
INFO: [Common 17-1381] The checkpoint '/home/eliquinox/code/fpga/microblaze-ethernet/microblaze-ethernet.runs/top_rst_mig_7series_0_83M_0_synth_1/top_rst_mig_7series_0_83M_0.dcp' has been generated.
INFO: [Coretcl 2-1648] Added synthesis output to IP cache for IP top_rst_mig_7series_0_83M_0, cache-ID = fbdd595368c61d85
INFO: [Coretcl 2-1174] Renamed 6 cell refs.
INFO: [Common 17-1381] The checkpoint '/home/eliquinox/code/fpga/microblaze-ethernet/microblaze-ethernet.runs/top_rst_mig_7series_0_83M_0_synth_1/top_rst_mig_7series_0_83M_0.dcp' has been generated.
INFO: [runtcl-4] Executing : report_utilization -file top_rst_mig_7series_0_83M_0_utilization_synth.rpt -pb top_rst_mig_7series_0_83M_0_utilization_synth.pb
INFO: [Common 17-206] Exiting Vivado at Sat Sep 17 15:32:59 2022...
