
*** Running vivado
    with args -log top_auto_pc_4.vds -m64 -product Vivado -mode batch -messageDb vivado.pb -notrace -source top_auto_pc_4.tcl


****** Vivado v2021.1 (64-bit)
  **** SW Build 3247384 on Thu Jun 10 19:36:07 MDT 2021
  **** IP Build 3246043 on Fri Jun 11 00:30:35 MDT 2021
    ** Copyright 1986-2021 Xilinx, Inc. All Rights Reserved.

source top_auto_pc_4.tcl -notrace
Command: synth_design -top top_auto_pc_4 -part xc7a100tcsg324-1 -mode out_of_context
Starting synth_design
Attempting to get a license for feature 'Synthesis' and/or device 'xc7a100t'
INFO: [Common 17-349] Got license for feature 'Synthesis' and/or device 'xc7a100t'
INFO: [Device 21-403] Loading part xc7a100tcsg324-1
INFO: [Synth 8-7079] Multithreading enabled for synth_design using a maximum of 4 processes.
INFO: [Synth 8-7078] Launching helper process for spawning children vivado processes
INFO: [Synth 8-7075] Helper process launched with PID 1652931
---------------------------------------------------------------------------------
Starting RTL Elaboration : Time (s): cpu = 00:00:04 ; elapsed = 00:00:05 . Memory (MB): peak = 2553.262 ; gain = 0.000 ; free physical = 25930 ; free virtual = 40590
---------------------------------------------------------------------------------
INFO: [Synth 8-6157] synthesizing module 'top_auto_pc_4' [/home/eliquinox/code/fpga/microblaze-ethernet/microblaze-ethernet.gen/sources_1/bd/top/ip/top_auto_pc_4/synth/top_auto_pc_4.v:58]
INFO: [Synth 8-6157] synthesizing module 'axi_protocol_converter_v2_1_24_axi_protocol_converter' [/home/eliquinox/code/fpga/microblaze-ethernet/microblaze-ethernet.gen/sources_1/bd/top/ipshared/6e0d/hdl/axi_protocol_converter_v2_1_vl_rfs.v:4808]
INFO: [Synth 8-6155] done synthesizing module 'axi_protocol_converter_v2_1_24_axi_protocol_converter' (1#1) [/home/eliquinox/code/fpga/microblaze-ethernet/microblaze-ethernet.gen/sources_1/bd/top/ipshared/6e0d/hdl/axi_protocol_converter_v2_1_vl_rfs.v:4808]
INFO: [Synth 8-6155] done synthesizing module 'top_auto_pc_4' (2#1) [/home/eliquinox/code/fpga/microblaze-ethernet/microblaze-ethernet.gen/sources_1/bd/top/ip/top_auto_pc_4/synth/top_auto_pc_4.v:58]
---------------------------------------------------------------------------------
Finished RTL Elaboration : Time (s): cpu = 00:00:06 ; elapsed = 00:00:08 . Memory (MB): peak = 2553.262 ; gain = 0.000 ; free physical = 26412 ; free virtual = 41097
---------------------------------------------------------------------------------
---------------------------------------------------------------------------------
Start Handling Custom Attributes
---------------------------------------------------------------------------------
---------------------------------------------------------------------------------
Finished Handling Custom Attributes : Time (s): cpu = 00:00:06 ; elapsed = 00:00:08 . Memory (MB): peak = 2553.262 ; gain = 0.000 ; free physical = 26409 ; free virtual = 41095
---------------------------------------------------------------------------------
---------------------------------------------------------------------------------
Finished RTL Optimization Phase 1 : Time (s): cpu = 00:00:06 ; elapsed = 00:00:08 . Memory (MB): peak = 2553.262 ; gain = 0.000 ; free physical = 26409 ; free virtual = 41095
---------------------------------------------------------------------------------
Netlist sorting complete. Time (s): cpu = 00:00:00.01 ; elapsed = 00:00:00 . Memory (MB): peak = 2553.262 ; gain = 0.000 ; free physical = 26396 ; free virtual = 41082
INFO: [Project 1-570] Preparing netlist for logic optimization

Processing XDC Constraints
Initializing timing engine
Parsing XDC File [/home/eliquinox/code/fpga/microblaze-ethernet/microblaze-ethernet.gen/sources_1/bd/top/ip/top_auto_pc_4/top_auto_pc_4_ooc.xdc] for cell 'inst'
Finished Parsing XDC File [/home/eliquinox/code/fpga/microblaze-ethernet/microblaze-ethernet.gen/sources_1/bd/top/ip/top_auto_pc_4/top_auto_pc_4_ooc.xdc] for cell 'inst'
Parsing XDC File [/home/eliquinox/code/fpga/microblaze-ethernet/microblaze-ethernet.runs/top_auto_pc_4_synth_1/dont_touch.xdc]
Finished Parsing XDC File [/home/eliquinox/code/fpga/microblaze-ethernet/microblaze-ethernet.runs/top_auto_pc_4_synth_1/dont_touch.xdc]
Completed Processing XDC Constraints

Netlist sorting complete. Time (s): cpu = 00:00:00 ; elapsed = 00:00:00 . Memory (MB): peak = 2617.219 ; gain = 0.000 ; free physical = 26321 ; free virtual = 41028
INFO: [Project 1-111] Unisim Transformation Summary:
No Unisim elements were transformed.

Constraint Validation Runtime : Time (s): cpu = 00:00:00.01 ; elapsed = 00:00:00.01 . Memory (MB): peak = 2617.219 ; gain = 0.000 ; free physical = 26338 ; free virtual = 41046
---------------------------------------------------------------------------------
Finished Constraint Validation : Time (s): cpu = 00:00:10 ; elapsed = 00:00:12 . Memory (MB): peak = 2617.219 ; gain = 63.957 ; free physical = 26341 ; free virtual = 41064
---------------------------------------------------------------------------------
---------------------------------------------------------------------------------
Start Loading Part and Timing Information
---------------------------------------------------------------------------------
Loading part: xc7a100tcsg324-1
---------------------------------------------------------------------------------
Finished Loading Part and Timing Information : Time (s): cpu = 00:00:10 ; elapsed = 00:00:12 . Memory (MB): peak = 2617.219 ; gain = 63.957 ; free physical = 26351 ; free virtual = 41073
---------------------------------------------------------------------------------
---------------------------------------------------------------------------------
Start Applying 'set_property' XDC Constraints
---------------------------------------------------------------------------------
Applied set_property KEEP_HIERARCHY = SOFT for inst. (constraint file  /home/eliquinox/code/fpga/microblaze-ethernet/microblaze-ethernet.runs/top_auto_pc_4_synth_1/dont_touch.xdc, line 9).
---------------------------------------------------------------------------------
Finished applying 'set_property' XDC Constraints : Time (s): cpu = 00:00:10 ; elapsed = 00:00:12 . Memory (MB): peak = 2617.219 ; gain = 63.957 ; free physical = 26351 ; free virtual = 41073
---------------------------------------------------------------------------------
---------------------------------------------------------------------------------
Finished RTL Optimization Phase 2 : Time (s): cpu = 00:00:10 ; elapsed = 00:00:12 . Memory (MB): peak = 2617.219 ; gain = 63.957 ; free physical = 26349 ; free virtual = 41072
---------------------------------------------------------------------------------
---------------------------------------------------------------------------------
Start RTL Component Statistics 
---------------------------------------------------------------------------------
Detailed RTL Component Info : 
---------------------------------------------------------------------------------
Finished RTL Component Statistics 
---------------------------------------------------------------------------------
---------------------------------------------------------------------------------
Start Part Resource Summary
---------------------------------------------------------------------------------
Part Resources:
DSPs: 240 (col length:80)
BRAMs: 270 (col length: RAMB18 80 RAMB36 40)
---------------------------------------------------------------------------------
Finished Part Resource Summary
---------------------------------------------------------------------------------
---------------------------------------------------------------------------------
Start Cross Boundary and Area Optimization
---------------------------------------------------------------------------------
---------------------------------------------------------------------------------
Finished Cross Boundary and Area Optimization : Time (s): cpu = 00:00:11 ; elapsed = 00:00:13 . Memory (MB): peak = 2617.219 ; gain = 63.957 ; free physical = 26214 ; free virtual = 40943
---------------------------------------------------------------------------------
---------------------------------------------------------------------------------
Start Applying XDC Timing Constraints
---------------------------------------------------------------------------------
---------------------------------------------------------------------------------
Finished Applying XDC Timing Constraints : Time (s): cpu = 00:00:15 ; elapsed = 00:00:17 . Memory (MB): peak = 2617.219 ; gain = 63.957 ; free physical = 25944 ; free virtual = 40690
---------------------------------------------------------------------------------
---------------------------------------------------------------------------------
Start Timing Optimization
---------------------------------------------------------------------------------
---------------------------------------------------------------------------------
Finished Timing Optimization : Time (s): cpu = 00:00:15 ; elapsed = 00:00:17 . Memory (MB): peak = 2617.219 ; gain = 63.957 ; free physical = 25942 ; free virtual = 40689
---------------------------------------------------------------------------------
---------------------------------------------------------------------------------
Start Technology Mapping
---------------------------------------------------------------------------------
---------------------------------------------------------------------------------
Finished Technology Mapping : Time (s): cpu = 00:00:15 ; elapsed = 00:00:17 . Memory (MB): peak = 2617.219 ; gain = 63.957 ; free physical = 25930 ; free virtual = 40677
---------------------------------------------------------------------------------
---------------------------------------------------------------------------------
Start IO Insertion
---------------------------------------------------------------------------------
---------------------------------------------------------------------------------
Start Flattening Before IO Insertion
---------------------------------------------------------------------------------
---------------------------------------------------------------------------------
Finished Flattening Before IO Insertion
---------------------------------------------------------------------------------
---------------------------------------------------------------------------------
Start Final Netlist Cleanup
---------------------------------------------------------------------------------
---------------------------------------------------------------------------------
Finished Final Netlist Cleanup
---------------------------------------------------------------------------------
---------------------------------------------------------------------------------
Finished IO Insertion : Time (s): cpu = 00:00:18 ; elapsed = 00:00:20 . Memory (MB): peak = 2617.219 ; gain = 63.957 ; free physical = 26083 ; free virtual = 40840
---------------------------------------------------------------------------------
---------------------------------------------------------------------------------
Start Renaming Generated Instances
---------------------------------------------------------------------------------
---------------------------------------------------------------------------------
Finished Renaming Generated Instances : Time (s): cpu = 00:00:18 ; elapsed = 00:00:20 . Memory (MB): peak = 2617.219 ; gain = 63.957 ; free physical = 26084 ; free virtual = 40840
---------------------------------------------------------------------------------
---------------------------------------------------------------------------------
Start Rebuilding User Hierarchy
---------------------------------------------------------------------------------
---------------------------------------------------------------------------------
Finished Rebuilding User Hierarchy : Time (s): cpu = 00:00:18 ; elapsed = 00:00:20 . Memory (MB): peak = 2617.219 ; gain = 63.957 ; free physical = 26084 ; free virtual = 40840
---------------------------------------------------------------------------------
---------------------------------------------------------------------------------
Start Renaming Generated Ports
---------------------------------------------------------------------------------
---------------------------------------------------------------------------------
Finished Renaming Generated Ports : Time (s): cpu = 00:00:18 ; elapsed = 00:00:20 . Memory (MB): peak = 2617.219 ; gain = 63.957 ; free physical = 26084 ; free virtual = 40840
---------------------------------------------------------------------------------
---------------------------------------------------------------------------------
Start Handling Custom Attributes
---------------------------------------------------------------------------------
---------------------------------------------------------------------------------
Finished Handling Custom Attributes : Time (s): cpu = 00:00:18 ; elapsed = 00:00:20 . Memory (MB): peak = 2617.219 ; gain = 63.957 ; free physical = 26084 ; free virtual = 40840
---------------------------------------------------------------------------------
---------------------------------------------------------------------------------
Start Renaming Generated Nets
---------------------------------------------------------------------------------
---------------------------------------------------------------------------------
Finished Renaming Generated Nets : Time (s): cpu = 00:00:18 ; elapsed = 00:00:20 . Memory (MB): peak = 2617.219 ; gain = 63.957 ; free physical = 26083 ; free virtual = 40839
---------------------------------------------------------------------------------
---------------------------------------------------------------------------------
Start Writing Synthesis Report
---------------------------------------------------------------------------------

Report BlackBoxes: 
+-+--------------+----------+
| |BlackBox name |Instances |
+-+--------------+----------+
+-+--------------+----------+

Report Cell Usage: 
+-+-----+------+
| |Cell |Count |
+-+-----+------+
+-+-----+------+
---------------------------------------------------------------------------------
Finished Writing Synthesis Report : Time (s): cpu = 00:00:18 ; elapsed = 00:00:20 . Memory (MB): peak = 2617.219 ; gain = 63.957 ; free physical = 26083 ; free virtual = 40839
---------------------------------------------------------------------------------
Synthesis finished with 0 errors, 0 critical warnings and 0 warnings.
Synthesis Optimization Runtime : Time (s): cpu = 00:00:16 ; elapsed = 00:00:18 . Memory (MB): peak = 2617.219 ; gain = 0.000 ; free physical = 26133 ; free virtual = 40890
Synthesis Optimization Complete : Time (s): cpu = 00:00:18 ; elapsed = 00:00:20 . Memory (MB): peak = 2617.219 ; gain = 63.957 ; free physical = 26137 ; free virtual = 40893
INFO: [Project 1-571] Translating synthesized netlist
Netlist sorting complete. Time (s): cpu = 00:00:00 ; elapsed = 00:00:00 . Memory (MB): peak = 2617.219 ; gain = 0.000 ; free physical = 26132 ; free virtual = 40888
INFO: [Project 1-570] Preparing netlist for logic optimization
INFO: [Opt 31-138] Pushed 0 inverter(s) to 0 load pin(s).
Netlist sorting complete. Time (s): cpu = 00:00:00 ; elapsed = 00:00:00 . Memory (MB): peak = 2617.219 ; gain = 0.000 ; free physical = 26115 ; free virtual = 40871
INFO: [Project 1-111] Unisim Transformation Summary:
No Unisim elements were transformed.

Synth Design complete, checksum: ccef7522
INFO: [Common 17-83] Releasing license: Synthesis
16 Infos, 0 Warnings, 0 Critical Warnings and 0 Errors encountered.
synth_design completed successfully
synth_design: Time (s): cpu = 00:00:25 ; elapsed = 00:00:23 . Memory (MB): peak = 2617.219 ; gain = 64.031 ; free physical = 26359 ; free virtual = 41110
INFO: [Common 17-1381] The checkpoint '/home/eliquinox/code/fpga/microblaze-ethernet/microblaze-ethernet.runs/top_auto_pc_4_synth_1/top_auto_pc_4.dcp' has been generated.
INFO: [Coretcl 2-1648] Added synthesis output to IP cache for IP top_auto_pc_4, cache-ID = 6fa4423df0c2a504
INFO: [Common 17-1381] The checkpoint '/home/eliquinox/code/fpga/microblaze-ethernet/microblaze-ethernet.runs/top_auto_pc_4_synth_1/top_auto_pc_4.dcp' has been generated.
INFO: [runtcl-4] Executing : report_utilization -file top_auto_pc_4_utilization_synth.rpt -pb top_auto_pc_4_utilization_synth.pb
INFO: [Common 17-206] Exiting Vivado at Sat Sep 17 15:32:23 2022...
